<?xml version="1.0" encoding="UTF-8"?>
<!-- Generated by org.testng.reporters.JUnitXMLReporter -->
<testsuite ignored="0" hostname="DESKTOP-JPDQICF" failures="0" tests="2" name="End to end Framework Test" time="82.995" errors="0" timestamp="2023-02-22T18:50:02 CET">
  <testcase classname="org.boredkris.pageObjects.android.eCommerce_tc_4_Hybrid" name="FillForm" time="22.145"/>
  <testcase classname="org.boredkris.pageObjects.android.eCommerce_tc_4_Hybrid" name="FillForm" time="43.121"/>
</testsuite> <!-- End to end Framework Test -->
