<?xml version="1.0" encoding="UTF-8"?>
<!-- Generated by org.testng.reporters.JUnitXMLReporter -->
<testsuite ignored="0" hostname="DESKTOP-JPDQICF" failures="0" tests="2" name="Error Validation Test" time="60.89" errors="0" timestamp="2023-02-22T18:51:03 CET">
  <testcase classname="org.boredkris.pageObjects.android.eCommerce_tc_2" name="FillForm_ErrorValidation" time="19.341"/>
  <testcase classname="org.boredkris.pageObjects.android.eCommerce_tc_2" name="FillForm_PositiveFlow" time="26.643"/>
</testsuite> <!-- Error Validation Test -->
