<?xml version="1.0" encoding="UTF-8"?>
<testsuite xmlns:xsi="http://www.w3.org/2001/XMLSchema-instance" xsi:noNamespaceSchemaLocation="https://maven.apache.org/surefire/maven-surefire-plugin/xsd/surefire-test-report-3.0.xsd" version="3.0" name="TestSuite" time="145.084" tests="4" errors="0" skipped="0" failures="0">
  <properties>
[...]
</properties>
  <testcase name="FillForm[{name=Bored Kris, country=Argentina, gender=Female}](1)" classname="org.boredkris.pageObjects.android.eCommerce_tc_4_Hybrid" time="22.148">
    <system-out><![CDATA[&amp#27;[35m[Appium]&amp#27;[39m Welcome to Appium v2.0.0-beta.55
&amp#27;[35m[Appium]&amp#27;[39m Attempting to load driver uiautomator2...
[debug] &amp#27;[35m[Appium]&amp#27;[39m Requiring driver at C:\Users\krzys\.appium\node_modules\appium-uiautomator2-driver
&amp#27;[35m[Appium]&amp#27;[39m Attempting to load driver espresso...
[debug] &amp#27;[35m[Appium]&amp#27;[39m Requiring driver at C:\Users\krzys\.appium\node_modules\appium-espresso-driver
&amp#27;[35m[Appium]&amp#27;[39m Appium REST http interface listener started on 0.0.0.0:4723
&amp#27;[35m[Appium]&amp#27;[39m Available drivers:
&amp#27;[35m[Appium]&amp#27;[39m   - uiautomator2@2.12.3 (automationName 'UiAutomator2')
&amp#27;[35m[Appium]&amp#27;[39m   - espresso@2.15.3 (automationName 'Espresso')
&amp#27;[35m[Appium]&amp#27;[39m No plugins have been installed. Use the "appium plugin" command to install the one(s) you want to use.
&amp#27;[38;5;0m[HTTP]&amp#27;[0m &amp#27;[37m-->&amp#27;[39m &amp#27;[37mGET&amp#27;[39m &amp#27;[37m/status&amp#27;[39m
&amp#27;[38;5;0m[HTTP]&amp#27;[0m &amp#27;[90m{}&amp#27;[39m
[debug] &amp#27;[38;5;16m[AppiumDriver@1f5f]&amp#27;[0m Calling AppiumDriver.getStatus() with args: []
[debug] &amp#27;[38;5;16m[AppiumDriver@1f5f]&amp#27;[0m Responding to client with driver.getStatus() result: {"build":{"version":"2.0.0-beta.55"}}
&amp#27;[38;5;0m[HTTP]&amp#27;[0m &amp#27;[37m<-- GET /status &amp#27;[39m&amp#27;[32m200&amp#27;[39m &amp#27;[90m7 ms - 47&amp#27;[39m
&amp#27;[38;5;0m[HTTP]&amp#27;[0m &amp#27;[90m&amp#27;[39m
[debug] &amp#27;[38;5;0m[HTTP]&amp#27;[0m Request idempotency key: db9ed3f9-1e41-4612-8009-739a70524093
&amp#27;[38;5;0m[HTTP]&amp#27;[0m &amp#27;[37m-->&amp#27;[39m &amp#27;[37mPOST&amp#27;[39m &amp#27;[37m/session&amp#27;[39m
&amp#27;[38;5;0m[HTTP]&amp#27;[0m &amp#27;[90m{"capabilities":{"firstMatch":[{}],"alwaysMatch":{"appium:app":"C:\\Users\\krzys\\OneDrive\\-COURSES-\\Appium - Mobile Testing\\secondTry\\AppiumFrameworkDesign\\src\\test\\java\\org\\boredkris\\pageObjects\\resources\\General-Store.apk","appium:automationName":"UIAutomator2","appium:chromedriverExecutable":"C:\\WebDrivers\\ChromeDriver\\chromedriver_win32_74_0_3729\\chromedriver.exe","appium:deviceName":"Pixel_3_XL_API_29_Android10","platformName":"android"}}}&amp#27;[39m
[debug] &amp#27;[38;5;16m[AppiumDriver@1f5f]&amp#27;[0m Calling AppiumDriver.createSession() with args: [null,null,{"firstMatch":[{}],"alwaysMatch":{"appium:app":"C:\\Users\\krzys\\OneDrive\\-COURSES-\\Appium - Mobile Testing\\secondTry\\AppiumFrameworkDesign\\src\\test\\java\\org\\boredkris\\pageObjects\\resources\\General-Store.apk","appium:automationName":"UIAutomator2","appium:chromedriverExecutable":"C:\\WebDrivers\\ChromeDriver\\chromedriver_win32_74_0_3729\\chromedriver.exe","appium:deviceName":"Pixel_3_XL_API_29_Android10","platformName":"android"}}]
[debug] &amp#27;[38;5;16m[AppiumDriver@1f5f]&amp#27;[0m Event 'newSessionRequested' logged at 1677088128830 (18:48:48 GMT+0100 (Central European Standard Time))
&amp#27;[35m[Appium]&amp#27;[39m Attempting to find matching driver for automationName 'UIAutomator2' and platformName 'android'
&amp#27;[35m[Appium]&amp#27;[39m The 'uiautomator2' driver was installed and matched caps.
&amp#27;[35m[Appium]&amp#27;[39m Will require it at C:\Users\krzys\.appium\node_modules\appium-uiautomator2-driver
[debug] &amp#27;[35m[Appium]&amp#27;[39m Requiring driver at C:\Users\krzys\.appium\node_modules\appium-uiautomator2-driver
&amp#27;[38;5;16m[AppiumDriver@1f5f]&amp#27;[0m Appium v2.0.0-beta.55 creating new AndroidUiautomator2Driver (v2.12.3) session
&amp#27;[38;5;16m[AppiumDriver@1f5f]&amp#27;[0m Checking BaseDriver versions for Appium and AndroidUiautomator2Driver
&amp#27;[38;5;16m[AppiumDriver@1f5f]&amp#27;[0m Appium's BaseDriver version is 9.3.1
&amp#27;[38;5;16m[AppiumDriver@1f5f]&amp#27;[0m AndroidUiautomator2Driver's BaseDriver version is 9.3.1
[debug] &amp#27;[38;5;32m[AndroidUiautomator2Driver@1965]&amp#27;[0m Creating session with W3C capabilities: {
[debug] &amp#27;[38;5;32m[AndroidUiautomator2Driver@1965]&amp#27;[0m   "alwaysMatch": {
[debug] &amp#27;[38;5;32m[AndroidUiautomator2Driver@1965]&amp#27;[0m     "platformName": "android",
[debug] &amp#27;[38;5;32m[AndroidUiautomator2Driver@1965]&amp#27;[0m     "appium:app": "C:\\Users\\krzys\\OneDrive\\-COURSES-\\Appium - Mobile Testing\\secondTry\\AppiumFrameworkDesign\\src\\test\\java\\org\\boredkris\\pageObjects\\resources\\General-Store.apk",
[debug] &amp#27;[38;5;32m[AndroidUiautomator2Driver@1965]&amp#27;[0m     "appium:automationName": "UIAutomator2",
[debug] &amp#27;[38;5;32m[AndroidUiautomator2Driver@1965]&amp#27;[0m     "appium:chromedriverExecutable": "C:\\WebDrivers\\ChromeDriver\\chromedriver_win32_74_0_3729\\chromedriver.exe",
[debug] &amp#27;[38;5;32m[AndroidUiautomator2Driver@1965]&amp#27;[0m     "appium:deviceName": "Pixel_3_XL_API_29_Android10"
[debug] &amp#27;[38;5;32m[AndroidUiautomator2Driver@1965]&amp#27;[0m   },
[debug] &amp#27;[38;5;32m[AndroidUiautomator2Driver@1965]&amp#27;[0m   "firstMatch": [
[debug] &amp#27;[38;5;32m[AndroidUiautomator2Driver@1965]&amp#27;[0m     {}
[debug] &amp#27;[38;5;32m[AndroidUiautomator2Driver@1965]&amp#27;[0m   ]
[debug] &amp#27;[38;5;32m[AndroidUiautomator2Driver@1965]&amp#27;[0m }
&amp#27;[38;5;32m[AndroidUiautomator2Driver@1965 (1bf46aad)]&amp#27;[0m Session created with session id: 1bf46aad-8211-4ff8-b5be-34fb988f3913
&amp#27;[38;5;48m[BaseDriver]&amp#27;[0m Using local app 'C:\Users\krzys\OneDrive\-COURSES-\Appium - Mobile Testing\secondTry\AppiumFrameworkDesign\src\test\java\org\boredkris\pageObjects\resources\General-Store.apk'
[debug] &amp#27;[38;5;32m[AndroidUiautomator2Driver@1965 (1bf46aad)]&amp#27;[0m Checking whether app is actually present
&amp#27;[38;5;64m[ADB]&amp#27;[0m Found 5 'build-tools' folders under 'C:\Users\krzys\AppData\Local\Android\Sdk' (newest first):
&amp#27;[38;5;64m[ADB]&amp#27;[0m     C:/Users/krzys/AppData/Local/Android/Sdk/build-tools/33.0.0
&amp#27;[38;5;64m[ADB]&amp#27;[0m     C:/Users/krzys/AppData/Local/Android/Sdk/build-tools/31.0.0
&amp#27;[38;5;64m[ADB]&amp#27;[0m     C:/Users/krzys/AppData/Local/Android/Sdk/build-tools/30.0.3
&amp#27;[38;5;64m[ADB]&amp#27;[0m     C:/Users/krzys/AppData/Local/Android/Sdk/build-tools/30.0.2
&amp#27;[38;5;64m[ADB]&amp#27;[0m     C:/Users/krzys/AppData/Local/Android/Sdk/build-tools/29.0.2
&amp#27;[38;5;64m[ADB]&amp#27;[0m Using 'adb.exe' from 'C:\Users\krzys\AppData\Local\Android\Sdk\platform-tools\adb.exe'
[debug] &amp#27;[38;5;64m[ADB]&amp#27;[0m Running 'C:\Users\krzys\AppData\Local\Android\Sdk\platform-tools\adb.exe -P 5037 start-server'
&amp#27;[38;5;80m[AndroidDriver]&amp#27;[0m Retrieving device list
[debug] &amp#27;[38;5;64m[ADB]&amp#27;[0m Trying to find a connected android device
[debug] &amp#27;[38;5;64m[ADB]&amp#27;[0m Getting connected devices
[debug] &amp#27;[38;5;64m[ADB]&amp#27;[0m Connected devices: [{"udid":"emulator-5554","state":"device"}]
&amp#27;[38;5;80m[AndroidDriver]&amp#27;[0m Using device: emulator-5554
&amp#27;[38;5;64m[ADB]&amp#27;[0m Using 'adb.exe' from 'C:\Users\krzys\AppData\Local\Android\Sdk\platform-tools\adb.exe'
[debug] &amp#27;[38;5;64m[ADB]&amp#27;[0m Running 'C:\Users\krzys\AppData\Local\Android\Sdk\platform-tools\adb.exe -P 5037 start-server'
[debug] &amp#27;[38;5;64m[ADB]&amp#27;[0m Setting device id to emulator-5554
[debug] &amp#27;[38;5;64m[ADB]&amp#27;[0m Running 'C:\Users\krzys\AppData\Local\Android\Sdk\platform-tools\adb.exe -P 5037 -s emulator-5554 shell getprop ro.build.version.sdk'
[debug] &amp#27;[38;5;64m[ADB]&amp#27;[0m Current device property 'ro.build.version.sdk': 29
&amp#27;[38;5;64m[ADB]&amp#27;[0m Getting device platform version
[debug] &amp#27;[38;5;64m[ADB]&amp#27;[0m Running 'C:\Users\krzys\AppData\Local\Android\Sdk\platform-tools\adb.exe -P 5037 -s emulator-5554 shell getprop ro.build.version.release'
[debug] &amp#27;[38;5;64m[ADB]&amp#27;[0m Current device property 'ro.build.version.release': 10
[debug] &amp#27;[38;5;64m[ADB]&amp#27;[0m Device API level: 29
&amp#27;[38;5;32m[AndroidUiautomator2Driver@1965 (1bf46aad)]&amp#27;[0m Relaxing hidden api policy
[debug] &amp#27;[38;5;64m[ADB]&amp#27;[0m Running 'C:\Users\krzys\AppData\Local\Android\Sdk\platform-tools\adb.exe -P 5037 -s emulator-5554 shell 'settings put global hidden_api_policy_pre_p_apps 1;settings put global hidden_api_policy_p_apps 1;settings put global hidden_api_policy 1''
[debug] &amp#27;[38;5;80m[AndroidDriver]&amp#27;[0m Parsing package and activity from app manifest
&amp#27;[38;5;64m[ADB]&amp#27;[0m Package name: 'com.androidsample.generalstore'
&amp#27;[38;5;64m[ADB]&amp#27;[0m Main activity name: 'com.androidsample.generalstore.SplashActivity'
[debug] &amp#27;[38;5;80m[AndroidDriver]&amp#27;[0m Parsed package and activity are: com.androidsample.generalstore/com.androidsample.generalstore.SplashActivity
[debug] &amp#27;[38;5;64m[ADB]&amp#27;[0m Running 'C:\Users\krzys\AppData\Local\Android\Sdk\platform-tools\adb.exe -P 5037 -s emulator-5554 wait-for-device'
[debug] &amp#27;[38;5;64m[ADB]&amp#27;[0m Running 'C:\Users\krzys\AppData\Local\Android\Sdk\platform-tools\adb.exe -P 5037 -s emulator-5554 shell echo ping'
[debug] &amp#27;[38;5;80m[AndroidDriver]&amp#27;[0m Pushing settings apk to device...
[debug] &amp#27;[38;5;64m[ADB]&amp#27;[0m Getting install status for io.appium.settings
[debug] &amp#27;[38;5;64m[ADB]&amp#27;[0m Running 'C:\Users\krzys\AppData\Local\Android\Sdk\platform-tools\adb.exe -P 5037 -s emulator-5554 shell dumpsys package io.appium.settings'
[debug] &amp#27;[38;5;64m[ADB]&amp#27;[0m 'io.appium.settings' is installed
[debug] &amp#27;[38;5;64m[ADB]&amp#27;[0m Getting package info for 'io.appium.settings'
[debug] &amp#27;[38;5;64m[ADB]&amp#27;[0m Running 'C:\Users\krzys\AppData\Local\Android\Sdk\platform-tools\adb.exe -P 5037 -s emulator-5554 shell dumpsys package io.appium.settings'
[debug] &amp#27;[38;5;64m[ADB]&amp#27;[0m The version name of the installed 'io.appium.settings' is greater or equal to the application version name ('5.0.3' >= '5.0.3')
[debug] &amp#27;[38;5;64m[ADB]&amp#27;[0m There is no need to install/upgrade 'C:\Users\krzys\.appium\node_modules\appium-uiautomator2-driver\node_modules\io.appium.settings\apks\settings_apk-debug.apk'
[debug] &amp#27;[38;5;64m[ADB]&amp#27;[0m Getting IDs of all 'io.appium.settings' processes
[debug] &amp#27;[38;5;64m[ADB]&amp#27;[0m Running 'C:\Users\krzys\AppData\Local\Android\Sdk\platform-tools\adb.exe -P 5037 -s emulator-5554 shell 'pgrep --help; echo $?''
[debug] &amp#27;[38;5;64m[ADB]&amp#27;[0m Running 'C:\Users\krzys\AppData\Local\Android\Sdk\platform-tools\adb.exe -P 5037 -s emulator-5554 shell pgrep -f \(\[\[:blank:\]\]\|\^\)io\.appium\.settings\(\[\[:blank:\]\]\|\$\)'
[debug] &amp#27;[38;5;80m[AndroidDriver]&amp#27;[0m io.appium.settings is already running. There is no need to reset its permissions.
[debug] &amp#27;[38;5;96m[Logcat]&amp#27;[0m Starting logs capture with command: C:\\Users\\krzys\\AppData\\Local\\Android\\Sdk\\platform-tools\\adb.exe -P 5037 -s emulator-5554 logcat -v threadtime
[debug] &amp#27;[38;5;32m[AndroidUiautomator2Driver@1965 (1bf46aad)]&amp#27;[0m Forwarding UiAutomator2 Server port 6790 to local port 8202
[debug] &amp#27;[38;5;64m[ADB]&amp#27;[0m Forwarding system: 8202 to device: 6790
[debug] &amp#27;[38;5;64m[ADB]&amp#27;[0m Running 'C:\Users\krzys\AppData\Local\Android\Sdk\platform-tools\adb.exe -P 5037 -s emulator-5554 forward tcp:8202 tcp:6790'
[debug] &amp#27;[38;5;64m[ADB]&amp#27;[0m Getting install status for io.appium.uiautomator2.server
[debug] &amp#27;[38;5;64m[ADB]&amp#27;[0m Running 'C:\Users\krzys\AppData\Local\Android\Sdk\platform-tools\adb.exe -P 5037 -s emulator-5554 shell dumpsys package io.appium.uiautomator2.server'
[debug] &amp#27;[38;5;64m[ADB]&amp#27;[0m 'io.appium.uiautomator2.server' is installed
[debug] &amp#27;[38;5;64m[ADB]&amp#27;[0m Getting package info for 'io.appium.uiautomator2.server'
[debug] &amp#27;[38;5;64m[ADB]&amp#27;[0m Running 'C:\Users\krzys\AppData\Local\Android\Sdk\platform-tools\adb.exe -P 5037 -s emulator-5554 shell dumpsys package io.appium.uiautomator2.server'
[debug] &amp#27;[38;5;64m[ADB]&amp#27;[0m The version name of the installed 'io.appium.uiautomator2.server' is greater or equal to the application version name ('5.7.7' >= '5.7.7')
[debug] &amp#27;[38;5;32m[AndroidUiautomator2Driver@1965 (1bf46aad)]&amp#27;[0m io.appium.uiautomator2.server installation state: sameVersionInstalled
[debug] &amp#27;[38;5;64m[ADB]&amp#27;[0m Checking app cert for C:\Users\krzys\.appium\node_modules\appium-uiautomator2-driver\node_modules\appium-uiautomator2-server\apks\appium-uiautomator2-server-v5.7.7.apk
&amp#27;[38;5;64m[ADB]&amp#27;[0m Using 'apksigner.jar' from 'C:\Users\krzys\AppData\Local\Android\Sdk\build-tools\33.0.0\lib\apksigner.jar'
[debug] &amp#27;[38;5;64m[ADB]&amp#27;[0m Starting apksigner: 'C:\\Program Files\\Java\\jdk-11.0.11\\bin\\java.exe' -Xmx1024M -Xss1m -jar C:\\Users\\krzys\\AppData\\Local\\Android\\Sdk\\build-tools\\33.0.0\\lib\\apksigner.jar verify --print-certs C:\\Users\\krzys\\.appium\\node_modules\\appium-uiautomator2-driver\\node_modules\\appium-uiautomator2-server\\apks\\appium-uiautomator2-server-v5.7.7.apk
[debug] &amp#27;[38;5;64m[ADB]&amp#27;[0m apksigner stdout: Signer #1 certificate DN: EMAILADDRESS=android@android.com, CN=Android, OU=Android, O=Android, L=Mountain View, ST=California, C=US
[debug] &amp#27;[38;5;64m[ADB]&amp#27;[0m Signer #1 certificate SHA-256 digest: a40da80a59d170caa950cf15c18c454d47a39b26989d8b640ecd745ba71bf5dc
[debug] &amp#27;[38;5;64m[ADB]&amp#27;[0m Signer #1 certificate SHA-1 digest: 61ed377e85d386a8dfee6b864bd85b0bfaa5af81
[debug] &amp#27;[38;5;64m[ADB]&amp#27;[0m Signer #1 certificate MD5 digest: e89b158e4bcf988ebd09eb83f5378e87
[debug] &amp#27;[38;5;64m[ADB]&amp#27;[0m 
[debug] &amp#27;[38;5;64m[ADB]&amp#27;[0m sha256 hash did match for 'appium-uiautomator2-server-v5.7.7.apk'
&amp#27;[38;5;64m[ADB]&amp#27;[0m 'C:\Users\krzys\.appium\node_modules\appium-uiautomator2-driver\node_modules\appium-uiautomator2-server\apks\appium-uiautomator2-server-v5.7.7.apk' is signed with the default certificate
[debug] &amp#27;[38;5;64m[ADB]&amp#27;[0m Getting install status for io.appium.uiautomator2.server.test
[debug] &amp#27;[38;5;64m[ADB]&amp#27;[0m Running 'C:\Users\krzys\AppData\Local\Android\Sdk\platform-tools\adb.exe -P 5037 -s emulator-5554 shell dumpsys package io.appium.uiautomator2.server.test'
[debug] &amp#27;[38;5;64m[ADB]&amp#27;[0m 'io.appium.uiautomator2.server.test' is installed
[debug] &amp#27;[38;5;64m[ADB]&amp#27;[0m Checking app cert for C:\Users\krzys\.appium\node_modules\appium-uiautomator2-driver\node_modules\appium-uiautomator2-server\apks\appium-uiautomator2-server-debug-androidTest.apk
[debug] &amp#27;[38;5;64m[ADB]&amp#27;[0m Starting apksigner: 'C:\\Program Files\\Java\\jdk-11.0.11\\bin\\java.exe' -Xmx1024M -Xss1m -jar C:\\Users\\krzys\\AppData\\Local\\Android\\Sdk\\build-tools\\33.0.0\\lib\\apksigner.jar verify --print-certs C:\\Users\\krzys\\.appium\\node_modules\\appium-uiautomator2-driver\\node_modules\\appium-uiautomator2-server\\apks\\appium-uiautomator2-server-debug-androidTest.apk
[debug] &amp#27;[38;5;64m[ADB]&amp#27;[0m apksigner stdout: Signer #1 certificate DN: EMAILADDRESS=android@android.com, CN=Android, OU=Android, O=Android, L=Mountain View, ST=California, C=US
[debug] &amp#27;[38;5;64m[ADB]&amp#27;[0m Signer #1 certificate SHA-256 digest: a40da80a59d170caa950cf15c18c454d47a39b26989d8b640ecd745ba71bf5dc
[debug] &amp#27;[38;5;64m[ADB]&amp#27;[0m Signer #1 certificate SHA-1 digest: 61ed377e85d386a8dfee6b864bd85b0bfaa5af81
[debug] &amp#27;[38;5;64m[ADB]&amp#27;[0m Signer #1 certificate MD5 digest: e89b158e4bcf988ebd09eb83f5378e87
[debug] &amp#27;[38;5;64m[ADB]&amp#27;[0m 
[debug] &amp#27;[38;5;64m[ADB]&amp#27;[0m sha256 hash did match for 'appium-uiautomator2-server-debug-androidTest.apk'
&amp#27;[38;5;64m[ADB]&amp#27;[0m 'C:\Users\krzys\.appium\node_modules\appium-uiautomator2-driver\node_modules\appium-uiautomator2-server\apks\appium-uiautomator2-server-debug-androidTest.apk' is signed with the default certificate
&amp#27;[38;5;32m[AndroidUiautomator2Driver@1965 (1bf46aad)]&amp#27;[0m Server packages are not going to be (re)installed
[debug] &amp#27;[38;5;32m[AndroidUiautomator2Driver@1965 (1bf46aad)]&amp#27;[0m Waiting up to 30000ms for services to be available
[debug] &amp#27;[38;5;64m[ADB]&amp#27;[0m Running 'C:\Users\krzys\AppData\Local\Android\Sdk\platform-tools\adb.exe -P 5037 -s emulator-5554 shell pm list instrumentation'
[debug] &amp#27;[38;5;32m[AndroidUiautomator2Driver@1965 (1bf46aad)]&amp#27;[0m Instrumentation target 'io.appium.uiautomator2.server.test/androidx.test.runner.AndroidJUnitRunner' is available
&amp#27;[38;5;64m[ADB]&amp#27;[0m Adding packages ["io.appium.settings","io.appium.uiautomator2.server","io.appium.uiautomator2.server.test"] to Doze whitelist
[debug] &amp#27;[38;5;64m[ADB]&amp#27;[0m Got the following command chunks to execute: [["dumpsys","deviceidle","whitelist","+io.appium.settings",";","dumpsys","deviceidle","whitelist","+io.appium.uiautomator2.server",";","dumpsys","deviceidle","whitelist","+io.appium.uiautomator2.server.test",";"]]
[debug] &amp#27;[38;5;64m[ADB]&amp#27;[0m Running 'C:\Users\krzys\AppData\Local\Android\Sdk\platform-tools\adb.exe -P 5037 -s emulator-5554 shell dumpsys deviceidle whitelist +io.appium.settings ; dumpsys deviceidle whitelist +io.appium.uiautomator2.server ; dumpsys deviceidle whitelist +io.appium.uiautomator2.server.test ;'
[debug] &amp#27;[38;5;64m[ADB]&amp#27;[0m Checking app cert for C:\Users\krzys\OneDrive\-COURSES-\Appium - Mobile Testing\secondTry\AppiumFrameworkDesign\src\test\java\org\boredkris\pageObjects\resources\General-Store.apk
[debug] &amp#27;[38;5;64m[ADB]&amp#27;[0m Starting apksigner: 'C:\\Program Files\\Java\\jdk-11.0.11\\bin\\java.exe' -Xmx1024M -Xss1m -jar C:\\Users\\krzys\\AppData\\Local\\Android\\Sdk\\build-tools\\33.0.0\\lib\\apksigner.jar verify --print-certs 'C:\\Users\\krzys\\OneDrive\\-COURSES-\\Appium - Mobile Testing\\secondTry\\AppiumFrameworkDesign\\src\\test\\java\\org\\boredkris\\pageObjects\\resources\\General-Store.apk'
[debug] &amp#27;[38;5;64m[ADB]&amp#27;[0m apksigner stdout: Signer #1 certificate DN: C=US, O=Android, CN=Android Debug
[debug] &amp#27;[38;5;64m[ADB]&amp#27;[0m Signer #1 certificate SHA-256 digest: f5f5931c019be6bff8a26255f76ae9ef8a8e631d2a702ec10e91110231549eef
[debug] &amp#27;[38;5;64m[ADB]&amp#27;[0m Signer #1 certificate SHA-1 digest: b250161db8b5d0a1bd39154c9fd749bdad79c1a3
[debug] &amp#27;[38;5;64m[ADB]&amp#27;[0m Signer #1 certificate MD5 digest: 7a5550323d84472ca25a0861c63e0a6c
[debug] &amp#27;[38;5;64m[ADB]&amp#27;[0m 
&amp#27;[38;5;64m[ADB]&amp#27;[0m 'C:\Users\krzys\OneDrive\-COURSES-\Appium - Mobile Testing\secondTry\AppiumFrameworkDesign\src\test\java\org\boredkris\pageObjects\resources\General-Store.apk' is signed with a non-default certificate
[debug] &amp#27;[38;5;64m[ADB]&amp#27;[0m Getting install status for com.androidsample.generalstore
[debug] &amp#27;[38;5;64m[ADB]&amp#27;[0m Running 'C:\Users\krzys\AppData\Local\Android\Sdk\platform-tools\adb.exe -P 5037 -s emulator-5554 shell dumpsys package com.androidsample.generalstore'
[debug] &amp#27;[38;5;64m[ADB]&amp#27;[0m 'com.androidsample.generalstore' is installed
[debug] &amp#27;[38;5;64m[ADB]&amp#27;[0m Getting package info for 'com.androidsample.generalstore'
[debug] &amp#27;[38;5;64m[ADB]&amp#27;[0m Running 'C:\Users\krzys\AppData\Local\Android\Sdk\platform-tools\adb.exe -P 5037 -s emulator-5554 shell dumpsys package com.androidsample.generalstore'
[debug] &amp#27;[38;5;64m[ADB]&amp#27;[0m The version name of the installed 'com.androidsample.generalstore' is greater or equal to the application version name ('1.0.0' >= '1.0.0')
[debug] &amp#27;[38;5;64m[ADB]&amp#27;[0m There is no need to install/upgrade 'C:\Users\krzys\OneDrive\-COURSES-\Appium - Mobile Testing\secondTry\AppiumFrameworkDesign\src\test\java\org\boredkris\pageObjects\resources\General-Store.apk'
&amp#27;[38;5;80m[AndroidDriver]&amp#27;[0m Performing fast reset on 'com.androidsample.generalstore'
[debug] &amp#27;[38;5;64m[ADB]&amp#27;[0m Getting install status for com.androidsample.generalstore
[debug] &amp#27;[38;5;64m[ADB]&amp#27;[0m Running 'C:\Users\krzys\AppData\Local\Android\Sdk\platform-tools\adb.exe -P 5037 -s emulator-5554 shell dumpsys package com.androidsample.generalstore'
[debug] &amp#27;[38;5;64m[ADB]&amp#27;[0m 'com.androidsample.generalstore' is installed
[debug] &amp#27;[38;5;64m[ADB]&amp#27;[0m Running 'C:\Users\krzys\AppData\Local\Android\Sdk\platform-tools\adb.exe -P 5037 -s emulator-5554 shell am force-stop com.androidsample.generalstore'
[debug] &amp#27;[38;5;64m[ADB]&amp#27;[0m Running 'C:\Users\krzys\AppData\Local\Android\Sdk\platform-tools\adb.exe -P 5037 -s emulator-5554 shell pm clear com.androidsample.generalstore'
[debug] &amp#27;[38;5;80m[AndroidDriver]&amp#27;[0m Performed fast reset on the installed 'com.androidsample.generalstore' application (stop and clear)
[debug] &amp#27;[38;5;32m[AndroidUiautomator2Driver@1965 (1bf46aad)]&amp#27;[0m Performing shallow cleanup of automation leftovers
[debug] &amp#27;[38;5;32m[AndroidUiautomator2Driver@1965 (1bf46aad)]&amp#27;[0m No obsolete sessions have been detected (socket hang up)
[debug] &amp#27;[38;5;64m[ADB]&amp#27;[0m Running 'C:\Users\krzys\AppData\Local\Android\Sdk\platform-tools\adb.exe -P 5037 -s emulator-5554 shell am force-stop io.appium.uiautomator2.server.test'
&amp#27;[38;5;32m[AndroidUiautomator2Driver@1965 (1bf46aad)]&amp#27;[0m Starting UIAutomator2 server 5.7.7
&amp#27;[38;5;32m[AndroidUiautomator2Driver@1965 (1bf46aad)]&amp#27;[0m Using UIAutomator2 server from 'C:\Users\krzys\.appium\node_modules\appium-uiautomator2-driver\node_modules\appium-uiautomator2-server\apks\appium-uiautomator2-server-v5.7.7.apk' and test from 'C:\Users\krzys\.appium\node_modules\appium-uiautomator2-driver\node_modules\appium-uiautomator2-server\apks\appium-uiautomator2-server-debug-androidTest.apk'
&amp#27;[38;5;32m[AndroidUiautomator2Driver@1965 (1bf46aad)]&amp#27;[0m Waiting up to 30000ms for UiAutomator2 to be online...
[debug] &amp#27;[38;5;64m[ADB]&amp#27;[0m Creating ADB subprocess with args: ["-P",5037,"-s","emulator-5554","shell","am","instrument","-w","-e","disableAnalytics",true,"io.appium.uiautomator2.server.test/androidx.test.runner.AndroidJUnitRunner"]
[debug] &amp#27;[38;5;32m[AndroidUiautomator2Driver@1965 (1bf46aad)]&amp#27;[0m Matched '/status' to command name 'getStatus'
[debug] &amp#27;[38;5;32m[AndroidUiautomator2Driver@1965 (1bf46aad)]&amp#27;[0m Proxying [GET /status] to [GET http://127.0.0.1:8202/status] with no body
&amp#27;[38;5;32m[AndroidUiautomator2Driver@1965 (1bf46aad)]&amp#27;[0m socket hang up
[debug] &amp#27;[38;5;112m[Instrumentation]&amp#27;[0m io.appium.uiautomator2.server.test.AppiumUiAutomator2Server:
[debug] &amp#27;[38;5;32m[AndroidUiautomator2Driver@1965 (1bf46aad)]&amp#27;[0m Matched '/status' to command name 'getStatus'
[debug] &amp#27;[38;5;32m[AndroidUiautomator2Driver@1965 (1bf46aad)]&amp#27;[0m Proxying [GET /status] to [GET http://127.0.0.1:8202/status] with no body
&amp#27;[38;5;32m[AndroidUiautomator2Driver@1965 (1bf46aad)]&amp#27;[0m socket hang up
[debug] &amp#27;[38;5;32m[AndroidUiautomator2Driver@1965 (1bf46aad)]&amp#27;[0m Matched '/status' to command name 'getStatus'
[debug] &amp#27;[38;5;32m[AndroidUiautomator2Driver@1965 (1bf46aad)]&amp#27;[0m Proxying [GET /status] to [GET http://127.0.0.1:8202/status] with no body
[debug] &amp#27;[38;5;32m[AndroidUiautomator2Driver@1965 (1bf46aad)]&amp#27;[0m Got response with status 200: {"sessionId":"None","value":{"message":"UiAutomator2 Server is ready to accept commands","ready":true}}
[debug] &amp#27;[38;5;32m[AndroidUiautomator2Driver@1965 (1bf46aad)]&amp#27;[0m The initialization of the instrumentation process took 2097ms
[debug] &amp#27;[38;5;32m[AndroidUiautomator2Driver@1965 (1bf46aad)]&amp#27;[0m Matched '/session' to command name 'createSession'
[debug] &amp#27;[38;5;32m[AndroidUiautomator2Driver@1965 (1bf46aad)]&amp#27;[0m Proxying [POST /session] to [POST http://127.0.0.1:8202/session] with body: {"capabilities":{"firstMatch":[{"platform":"LINUX","webStorageEnabled":false,"takesScreenshot":true,"javascriptEnabled":true,"databaseEnabled":false,"networkConnectionEnabled":true,"locationContextEnabled":false,"warnings":{},"desired":{"platformName":"android","app":"C:\\Users\\krzys\\OneDrive\\-COURSES-\\Appium - Mobile Testing\\secondTry\\AppiumFrameworkDesign\\src\\test\\java\\org\\boredkris\\pageObjects\\resources\\General-Store.apk","automationName":"UIAutomator2","chromedriverExecutable":"C:\\WebDrivers\\ChromeDriver\\chromedriver_win32_74_0_3729\\chromedriver.exe","deviceName":"Pixel_3_XL_API_29_Android10"},"platformName":"android","app":"C:\\Users\\krzys\\OneDrive\\-COURSES-\\Appium - Mobile Testing\\secondTry\\AppiumFrameworkDesign\\src\\test\\java\\org\\boredkris\\pageObjects\\resources\\General-Store.apk","automationName":"UIAutomator2","chromedriverExecutable":"C:\\WebDrivers\\ChromeDriver\\chromedriver_win32_74_0_3729\\chromedriver.exe","deviceName":"emulator-5554","deviceUDID":"emulator-5554...
[debug] &amp#27;[38;5;32m[AndroidUiautomator2Driver@1965 (1bf46aad)]&amp#27;[0m Got response with status 200: {"sessionId":"79da4935-0419-45f6-906b-44db54c8641b","value":{"capabilities":{"firstMatch":[{"platform":"LINUX","webStorageEnabled":false,"takesScreenshot":true,"javascriptEnabled":true,"databaseEnabled":false,"networkConnectionEnabled":true,"locationContextEnabled":false,"warnings":{},"desired":{"platformName":"android","app":"C:\\Users\\krzys\\OneDrive\\-COURSES-\\Appium - Mobile Testing\\secondTry\\AppiumFrameworkDesign\\src\\test\\java\\org\\boredkris\\pageObjects\\resources\\General-Store.apk","automationName":"UIAutomator2","chromedriverExecutable":"C:\\WebDrivers\\ChromeDriver\\chromedriver_win32_74_0_3729\\chromedriver.exe","deviceName":"Pixel_3_XL_API_29_Android10"},"platformName":"android","app":"C:\\Users\\krzys\\OneDrive\\-COURSES-\\Appium - Mobile Testing\\secondTry\\AppiumFrameworkDesign\\src\\test\\java\\org\\boredkris\\pageObjects\\resources\\General-Store.apk","automationName":"UIAutomator2","chromedriverExecutable":"C:\\WebDrivers\\ChromeDriver\\chromedriver_win32_74_0_3729\\chromedriver.e...
&amp#27;[38;5;32m[AndroidUiautomator2Driver@1965 (1bf46aad)]&amp#27;[0m Determined the downstream protocol as 'W3C'
[debug] &amp#27;[38;5;32m[AndroidUiautomator2Driver@1965 (1bf46aad)]&amp#27;[0m Proxying [GET /appium/device/info] to [GET http://127.0.0.1:8202/session/79da4935-0419-45f6-906b-44db54c8641b/appium/device/info] with no body
[debug] &amp#27;[38;5;32m[AndroidUiautomator2Driver@1965 (1bf46aad)]&amp#27;[0m Got response with status 200: {"sessionId":"79da4935-0419-45f6-906b-44db54c8641b","value":{"androidId":"ce663ace39f585b0","apiVersion":"29","bluetooth":null,"brand":"google","carrierName":"Android","displayDensity":560,"locale":"en_US","manufacturer":"Google","model":"Android SDK built for x86","networks":[{"capabilities":{"SSID":null,"linkDownBandwidthKbps":102400,"linkUpstreamBandwidthKbps":51200,"networkCapabilities":"NET_CAPABILITY_MMS,NET_CAPABILITY_SUPL,NET_CAPABILITY_DUN,NET_CAPABILITY_FOTA,NET_CAPABILITY_IMS,NET_CAPABILITY_CBS,NET_CAPABILITY_INTERNET,NET_CAPABILITY_NOT_RESTRICTED,NET_CAPABILITY_TRUSTED,NET_CAPABILITY_NOT_VPN,NET_CAPABILITY_VALIDATED,NET_CAPABILITY_NOT_ROAMING,NET_CAPABILITY_NOT_CONGESTED,NET_CAPABILITY_NOT_SUSPENDED","signalStrength":-2147483648,"transportTypes":"TRANSPORT_CELLULAR"},"detailedState":"CONNECTED","extraInfo":"epc.tmobile.com","isAvailable":true,"isConnected":true,"isFailover":false,"isRoaming":false,"state":"CONNECTED","subtype":13,"subtypeName":"LTE","type":0,"typeName":"MOBILE"},{"capabilities"...
[debug] &amp#27;[38;5;64m[ADB]&amp#27;[0m Running 'C:\Users\krzys\AppData\Local\Android\Sdk\platform-tools\adb.exe -P 5037 -s emulator-5554 shell dumpsys window'
&amp#27;[38;5;80m[AndroidDriver]&amp#27;[0m Screen already unlocked, doing nothing
&amp#27;[38;5;32m[AndroidUiautomator2Driver@1965 (1bf46aad)]&amp#27;[0m Starting 'com.androidsample.generalstore/com.androidsample.generalstore.SplashActivity and waiting for 'com.androidsample.generalstore/com.androidsample.generalstore.SplashActivity'
[debug] &amp#27;[38;5;64m[ADB]&amp#27;[0m Running 'C:\Users\krzys\AppData\Local\Android\Sdk\platform-tools\adb.exe -P 5037 -s emulator-5554 shell am start -W -n com.androidsample.generalstore/com.androidsample.generalstore.SplashActivity -S -a android.intent.action.MAIN -c android.intent.category.LAUNCHER -f 0x10200000'
[debug] &amp#27;[38;5;64m[ADB]&amp#27;[0m Waiting up to 20000ms for activity matching pkg: 'com.androidsample.generalstore' and activity: 'com.androidsample.generalstore.SplashActivity' to be focused
[debug] &amp#27;[38;5;64m[ADB]&amp#27;[0m Possible activities, to be checked: 'com.androidsample.generalstore.SplashActivity', 'com.androidsample.generalstore.com.androidsample.generalstore.SplashActivity'
[debug] &amp#27;[38;5;64m[ADB]&amp#27;[0m Getting focused package and activity
[debug] &amp#27;[38;5;64m[ADB]&amp#27;[0m Running 'C:\Users\krzys\AppData\Local\Android\Sdk\platform-tools\adb.exe -P 5037 -s emulator-5554 shell dumpsys window displays'
[debug] &amp#27;[38;5;64m[ADB]&amp#27;[0m Found package: 'com.androidsample.generalstore' and fully qualified activity name : 'com.androidsample.generalstore.SplashActivity'
[debug] &amp#27;[38;5;32m[AndroidUiautomator2Driver@1965 (1bf46aad)]&amp#27;[0m Proxying [GET /appium/device/pixel_ratio] to [GET http://127.0.0.1:8202/session/79da4935-0419-45f6-906b-44db54c8641b/appium/device/pixel_ratio] with no body
[debug] &amp#27;[38;5;32m[AndroidUiautomator2Driver@1965 (1bf46aad)]&amp#27;[0m Got response with status 200: {"sessionId":"79da4935-0419-45f6-906b-44db54c8641b","value":3.5}
[debug] &amp#27;[38;5;32m[AndroidUiautomator2Driver@1965 (1bf46aad)]&amp#27;[0m Matched '/appium/device/system_bars' to command name 'getSystemBars'
[debug] &amp#27;[38;5;32m[AndroidUiautomator2Driver@1965 (1bf46aad)]&amp#27;[0m Proxying [GET /appium/device/system_bars] to [GET http://127.0.0.1:8202/session/79da4935-0419-45f6-906b-44db54c8641b/appium/device/system_bars] with no body
[debug] &amp#27;[38;5;32m[AndroidUiautomator2Driver@1965 (1bf46aad)]&amp#27;[0m Got response with status 200: {"sessionId":"79da4935-0419-45f6-906b-44db54c8641b","value":{"statusBar":171}}
[debug] &amp#27;[38;5;32m[AndroidUiautomator2Driver@1965 (1bf46aad)]&amp#27;[0m Matched '/window/current/size' to command name 'getWindowSize'
[debug] &amp#27;[38;5;32m[AndroidUiautomator2Driver@1965 (1bf46aad)]&amp#27;[0m Proxying [GET /window/current/size] to [GET http://127.0.0.1:8202/session/79da4935-0419-45f6-906b-44db54c8641b/window/current/size] with no body
[debug] &amp#27;[38;5;32m[AndroidUiautomator2Driver@1965 (1bf46aad)]&amp#27;[0m Got response with status 200: {"sessionId":"79da4935-0419-45f6-906b-44db54c8641b","value":{"height":2621,"width":1440}}
&amp#27;[38;5;16m[AppiumDriver@1f5f]&amp#27;[0m New AndroidUiautomator2Driver session created successfully, session 1bf46aad-8211-4ff8-b5be-34fb988f3913 added to master session list
[debug] &amp#27;[38;5;16m[AppiumDriver@1f5f]&amp#27;[0m Event 'newSessionStarted' logged at 1677088134204 (18:48:54 GMT+0100 (Central European Standard Time))
[debug] &amp#27;[38;5;32m[AndroidUiautomator2Driver@1965 (1bf46aad)]&amp#27;[0m Cached the protocol value 'W3C' for the new session 1bf46aad-8211-4ff8-b5be-34fb988f3913
[debug] &amp#27;[38;5;32m[AndroidUiautomator2Driver@1965 (1bf46aad)]&amp#27;[0m Responding to client with driver.createSession() result: {"capabilities":{"platform":"LINUX","webStorageEnabled":false,"takesScreenshot":true,"javascriptEnabled":true,"databaseEnabled":false,"networkConnectionEnabled":true,"locationContextEnabled":false,"warnings":{},"desired":{"platformName":"android","app":"C:\\Users\\krzys\\OneDrive\\-COURSES-\\Appium - Mobile Testing\\secondTry\\AppiumFrameworkDesign\\src\\test\\java\\org\\boredkris\\pageObjects\\resources\\General-Store.apk","automationName":"UIAutomator2","chromedriverExecutable":"C:\\WebDrivers\\ChromeDriver\\chromedriver_win32_74_0_3729\\chromedriver.exe","deviceName":"Pixel_3_XL_API_29_Android10"},"platformName":"android","app":"C:\\Users\\krzys\\OneDrive\\-COURSES-\\Appium - Mobile Testing\\secondTry\\AppiumFrameworkDesign\\src\\test\\java\\org\\boredkris\\pageObjects\\resources\\General-Store.apk","automationName":"UIAutomator2","chromedriverExecutable":"C:\\WebDrivers\\ChromeDriver\\chromedriver_win32_74_0_3729\\chromedriver.exe","deviceName":"emulator-5554","deviceUDID":"emulator-5554","appPackage":...
&amp#27;[38;5;0m[HTTP]&amp#27;[0m &amp#27;[37m<-- POST /session &amp#27;[39m&amp#27;[32m200&amp#27;[39m &amp#27;[90m5375 ms - 1388&amp#27;[39m
&amp#27;[38;5;0m[HTTP]&amp#27;[0m &amp#27;[90m&amp#27;[39m
&amp#27;[38;5;0m[HTTP]&amp#27;[0m &amp#27;[37m-->&amp#27;[39m &amp#27;[37mPOST&amp#27;[39m &amp#27;[37m/session/1bf46aad-8211-4ff8-b5be-34fb988f3913/timeouts&amp#27;[39m
&amp#27;[38;5;0m[HTTP]&amp#27;[0m &amp#27;[90m{"implicit":10000}&amp#27;[39m
[debug] &amp#27;[38;5;32m[AndroidUiautomator2Driver@1965 (1bf46aad)]&amp#27;[0m Calling AppiumDriver.timeouts() with args: [null,null,null,null,10000,"1bf46aad-8211-4ff8-b5be-34fb988f3913"]
[debug] &amp#27;[38;5;32m[AndroidUiautomator2Driver@1965 (1bf46aad)]&amp#27;[0m W3C timeout argument: {"implicit":10000}}
[debug] &amp#27;[38;5;32m[AndroidUiautomator2Driver@1965 (1bf46aad)]&amp#27;[0m Set implicit wait to 10000ms
[debug] &amp#27;[38;5;32m[AndroidUiautomator2Driver@1965 (1bf46aad)]&amp#27;[0m Responding to client with driver.timeouts() result: null
&amp#27;[38;5;0m[HTTP]&amp#27;[0m &amp#27;[37m<-- POST /session/1bf46aad-8211-4ff8-b5be-34fb988f3913/timeouts &amp#27;[39m&amp#27;[32m200&amp#27;[39m &amp#27;[90m2 ms - 14&amp#27;[39m
&amp#27;[38;5;0m[HTTP]&amp#27;[0m &amp#27;[90m&amp#27;[39m
&amp#27;[38;5;0m[HTTP]&amp#27;[0m &amp#27;[37m-->&amp#27;[39m &amp#27;[37mPOST&amp#27;[39m &amp#27;[37m/session/1bf46aad-8211-4ff8-b5be-34fb988f3913/appium/device/start_activity&amp#27;[39m
&amp#27;[38;5;0m[HTTP]&amp#27;[0m &amp#27;[90m{"appPackage":"com.androidsample.generalstore","appActivity":"com.androidsample.generalstore.MainActivity","appWaitPackage":"","appWaitActivity":"","dontStopAppOnReset":false,"intentAction":"","intentCategory":"","intentFlags":"","optionalIntentArguments":""}&amp#27;[39m
[debug] &amp#27;[38;5;32m[AndroidUiautomator2Driver@1965 (1bf46aad)]&amp#27;[0m Calling AppiumDriver.startActivity() with args: ["com.androidsample.generalstore","com.androidsample.generalstore.MainActivity","","","","","","",false,null,null,"1bf46aad-8211-4ff8-b5be-34fb988f3913"]
[debug] &amp#27;[38;5;32m[AndroidUiautomator2Driver@1965 (1bf46aad)]&amp#27;[0m Starting package 'com.androidsample.generalstore' and activity 'com.androidsample.generalstore.MainActivity'
[debug] &amp#27;[38;5;64m[ADB]&amp#27;[0m Running 'C:\Users\krzys\AppData\Local\Android\Sdk\platform-tools\adb.exe -P 5037 -s emulator-5554 shell am start -W -n com.androidsample.generalstore/com.androidsample.generalstore.MainActivity -S'
[debug] &amp#27;[38;5;64m[ADB]&amp#27;[0m Waiting up to 20000ms for activity matching pkg: 'com.androidsample.generalstore' and activity: 'com.androidsample.generalstore.MainActivity' to be focused
[debug] &amp#27;[38;5;64m[ADB]&amp#27;[0m Possible activities, to be checked: 'com.androidsample.generalstore.MainActivity', 'com.androidsample.generalstore.com.androidsample.generalstore.MainActivity'
[debug] &amp#27;[38;5;64m[ADB]&amp#27;[0m Getting focused package and activity
[debug] &amp#27;[38;5;64m[ADB]&amp#27;[0m Running 'C:\Users\krzys\AppData\Local\Android\Sdk\platform-tools\adb.exe -P 5037 -s emulator-5554 shell dumpsys window displays'
[debug] &amp#27;[38;5;64m[ADB]&amp#27;[0m Found package: 'com.androidsample.generalstore' and fully qualified activity name : 'com.androidsample.generalstore.MainActivity'
[debug] &amp#27;[38;5;32m[AndroidUiautomator2Driver@1965 (1bf46aad)]&amp#27;[0m Responding to client with driver.startActivity() result: null
&amp#27;[38;5;0m[HTTP]&amp#27;[0m &amp#27;[37m<-- POST /session/1bf46aad-8211-4ff8-b5be-34fb988f3913/appium/device/start_activity &amp#27;[39m&amp#27;[32m200&amp#27;[39m &amp#27;[90m810 ms - 14&amp#27;[39m
&amp#27;[38;5;0m[HTTP]&amp#27;[0m &amp#27;[90m&amp#27;[39m
&amp#27;[38;5;0m[HTTP]&amp#27;[0m &amp#27;[37m-->&amp#27;[39m &amp#27;[37mGET&amp#27;[39m &amp#27;[37m/session/1bf46aad-8211-4ff8-b5be-34fb988f3913/context&amp#27;[39m
&amp#27;[38;5;0m[HTTP]&amp#27;[0m &amp#27;[90m{}&amp#27;[39m
[debug] &amp#27;[38;5;32m[AndroidUiautomator2Driver@1965 (1bf46aad)]&amp#27;[0m Calling AppiumDriver.getCurrentContext() with args: ["1bf46aad-8211-4ff8-b5be-34fb988f3913"]
[debug] &amp#27;[38;5;32m[AndroidUiautomator2Driver@1965 (1bf46aad)]&amp#27;[0m Responding to client with driver.getCurrentContext() result: "NATIVE_APP"
&amp#27;[38;5;0m[HTTP]&amp#27;[0m &amp#27;[37m<-- GET /session/1bf46aad-8211-4ff8-b5be-34fb988f3913/context &amp#27;[39m&amp#27;[32m200&amp#27;[39m &amp#27;[90m4 ms - 22&amp#27;[39m
&amp#27;[38;5;0m[HTTP]&amp#27;[0m &amp#27;[90m&amp#27;[39m
&amp#27;[38;5;0m[HTTP]&amp#27;[0m &amp#27;[37m-->&amp#27;[39m &amp#27;[37mPOST&amp#27;[39m &amp#27;[37m/session/1bf46aad-8211-4ff8-b5be-34fb988f3913/element&amp#27;[39m
&amp#27;[38;5;0m[HTTP]&amp#27;[0m &amp#27;[90m{"using":"id","value":"com.androidsample.generalstore:id/nameField"}&amp#27;[39m
[debug] &amp#27;[38;5;32m[AndroidUiautomator2Driver@1965 (1bf46aad)]&amp#27;[0m Calling AppiumDriver.findElement() with args: ["id","com.androidsample.generalstore:id/nameField","1bf46aad-8211-4ff8-b5be-34fb988f3913"]
[debug] &amp#27;[38;5;32m[AndroidUiautomator2Driver@1965 (1bf46aad)]&amp#27;[0m Valid locator strategies for this request: xpath, id, class name, accessibility id, css selector, -android uiautomator
[debug] &amp#27;[38;5;32m[AndroidUiautomator2Driver@1965 (1bf46aad)]&amp#27;[0m Waiting up to 10000 ms for condition
[debug] &amp#27;[38;5;32m[AndroidUiautomator2Driver@1965 (1bf46aad)]&amp#27;[0m Matched '/element' to command name 'findElement'
[debug] &amp#27;[38;5;32m[AndroidUiautomator2Driver@1965 (1bf46aad)]&amp#27;[0m Proxying [POST /element] to [POST http://127.0.0.1:8202/session/79da4935-0419-45f6-906b-44db54c8641b/element] with body: {"strategy":"id","selector":"com.androidsample.generalstore:id/nameField","context":"","multiple":false}
[debug] &amp#27;[38;5;32m[AndroidUiautomator2Driver@1965 (1bf46aad)]&amp#27;[0m Got response with status 200: {"sessionId":"79da4935-0419-45f6-906b-44db54c8641b","value":{"ELEMENT":"00000000-0000-0a00-ffff-ffff00000013","element-6066-11e4-a52e-4f735466cecf":"00000000-0000-0a00-ffff-ffff00000013"}}
[debug] &amp#27;[38;5;32m[AndroidUiautomator2Driver@1965 (1bf46aad)]&amp#27;[0m Responding to client with driver.findElement() result: {"element-6066-11e4-a52e-4f735466cecf":"00000000-0000-0a00-ffff-ffff00000013","ELEMENT":"00000000-0000-0a00-ffff-ffff00000013"}
&amp#27;[38;5;0m[HTTP]&amp#27;[0m &amp#27;[37m<-- POST /session/1bf46aad-8211-4ff8-b5be-34fb988f3913/element &amp#27;[39m&amp#27;[32m200&amp#27;[39m &amp#27;[90m475 ms - 137&amp#27;[39m
&amp#27;[38;5;0m[HTTP]&amp#27;[0m &amp#27;[90m&amp#27;[39m
&amp#27;[38;5;0m[HTTP]&amp#27;[0m &amp#27;[37m-->&amp#27;[39m &amp#27;[37mPOST&amp#27;[39m &amp#27;[37m/session/1bf46aad-8211-4ff8-b5be-34fb988f3913/element/00000000-0000-0a00-ffff-ffff00000013/value&amp#27;[39m
&amp#27;[38;5;0m[HTTP]&amp#27;[0m &amp#27;[90m{"id":"00000000-0000-0a00-ffff-ffff00000013","text":"Bored Kris","value":["B","o","r","e","d"," ","K","r","i","s"]}&amp#27;[39m
[debug] &amp#27;[38;5;32m[AndroidUiautomator2Driver@1965 (1bf46aad)]&amp#27;[0m Calling AppiumDriver.setValue() with args: [["B","o","r","e","d"," ","K","r","i","s"],"00000000-0000-0a00-ffff-ffff00000013","1bf46aad-8211-4ff8-b5be-34fb988f3913"]
[debug] &amp#27;[38;5;32m[AndroidUiautomator2Driver@1965 (1bf46aad)]&amp#27;[0m Matched '/element/00000000-0000-0a00-ffff-ffff00000013/value' to command name 'setValue'
[debug] &amp#27;[38;5;32m[AndroidUiautomator2Driver@1965 (1bf46aad)]&amp#27;[0m Added 'value' property ["B","o","r","e","d"," ","K","r","i","s"] to 'setValue' request body
[debug] &amp#27;[38;5;32m[AndroidUiautomator2Driver@1965 (1bf46aad)]&amp#27;[0m Proxying [POST /element/00000000-0000-0a00-ffff-ffff00000013/value] to [POST http://127.0.0.1:8202/session/79da4935-0419-45f6-906b-44db54c8641b/element/00000000-0000-0a00-ffff-ffff00000013/value] with body: {"elementId":"00000000-0000-0a00-ffff-ffff00000013","text":"Bored Kris","replace":false,"value":["B","o","r","e","d"," ","K","r","i","s"]}
[debug] &amp#27;[38;5;32m[AndroidUiautomator2Driver@1965 (1bf46aad)]&amp#27;[0m Got response with status 200: {"sessionId":"79da4935-0419-45f6-906b-44db54c8641b","value":null}
[debug] &amp#27;[38;5;32m[AndroidUiautomator2Driver@1965 (1bf46aad)]&amp#27;[0m Responding to client with driver.setValue() result: null
&amp#27;[38;5;0m[HTTP]&amp#27;[0m &amp#27;[37m<-- POST /session/1bf46aad-8211-4ff8-b5be-34fb988f3913/element/00000000-0000-0a00-ffff-ffff00000013/value &amp#27;[39m&amp#27;[32m200&amp#27;[39m &amp#27;[90m529 ms - 14&amp#27;[39m
&amp#27;[38;5;0m[HTTP]&amp#27;[0m &amp#27;[90m&amp#27;[39m
&amp#27;[38;5;0m[HTTP]&amp#27;[0m &amp#27;[37m-->&amp#27;[39m &amp#27;[37mPOST&amp#27;[39m &amp#27;[37m/session/1bf46aad-8211-4ff8-b5be-34fb988f3913/appium/device/hide_keyboard&amp#27;[39m
&amp#27;[38;5;0m[HTTP]&amp#27;[0m &amp#27;[90m{}&amp#27;[39m
[debug] &amp#27;[38;5;32m[AndroidUiautomator2Driver@1965 (1bf46aad)]&amp#27;[0m Calling AppiumDriver.hideKeyboard() with args: [null,null,null,null,"1bf46aad-8211-4ff8-b5be-34fb988f3913"]
[debug] &amp#27;[38;5;64m[ADB]&amp#27;[0m Running 'C:\Users\krzys\AppData\Local\Android\Sdk\platform-tools\adb.exe -P 5037 -s emulator-5554 shell dumpsys input_method'
&amp#27;[38;5;64m[ADB]&amp#27;[0m Keyboard has no UI; no closing necessary
[debug] &amp#27;[38;5;32m[AndroidUiautomator2Driver@1965 (1bf46aad)]&amp#27;[0m Responding to client with driver.hideKeyboard() result: false
&amp#27;[38;5;0m[HTTP]&amp#27;[0m &amp#27;[37m<-- POST /session/1bf46aad-8211-4ff8-b5be-34fb988f3913/appium/device/hide_keyboard &amp#27;[39m&amp#27;[32m200&amp#27;[39m &amp#27;[90m78 ms - 15&amp#27;[39m
&amp#27;[38;5;0m[HTTP]&amp#27;[0m &amp#27;[90m&amp#27;[39m
&amp#27;[38;5;0m[HTTP]&amp#27;[0m &amp#27;[37m-->&amp#27;[39m &amp#27;[37mGET&amp#27;[39m &amp#27;[37m/session/1bf46aad-8211-4ff8-b5be-34fb988f3913/context&amp#27;[39m
&amp#27;[38;5;0m[HTTP]&amp#27;[0m &amp#27;[90m{}&amp#27;[39m
[debug] &amp#27;[38;5;32m[AndroidUiautomator2Driver@1965 (1bf46aad)]&amp#27;[0m Calling AppiumDriver.getCurrentContext() with args: ["1bf46aad-8211-4ff8-b5be-34fb988f3913"]
[debug] &amp#27;[38;5;32m[AndroidUiautomator2Driver@1965 (1bf46aad)]&amp#27;[0m Responding to client with driver.getCurrentContext() result: "NATIVE_APP"
&amp#27;[38;5;0m[HTTP]&amp#27;[0m &amp#27;[37m<-- GET /session/1bf46aad-8211-4ff8-b5be-34fb988f3913/context &amp#27;[39m&amp#27;[32m200&amp#27;[39m &amp#27;[90m1 ms - 22&amp#27;[39m
&amp#27;[38;5;0m[HTTP]&amp#27;[0m &amp#27;[90m&amp#27;[39m
&amp#27;[38;5;0m[HTTP]&amp#27;[0m &amp#27;[37m-->&amp#27;[39m &amp#27;[37mPOST&amp#27;[39m &amp#27;[37m/session/1bf46aad-8211-4ff8-b5be-34fb988f3913/element&amp#27;[39m
&amp#27;[38;5;0m[HTTP]&amp#27;[0m &amp#27;[90m{"using":"xpath","value":"//android.widget.RadioButton[@text=\"Male\"]"}&amp#27;[39m
[debug] &amp#27;[38;5;32m[AndroidUiautomator2Driver@1965 (1bf46aad)]&amp#27;[0m Calling AppiumDriver.findElement() with args: ["xpath","//android.widget.RadioButton[@text=\"Male\"]","1bf46aad-8211-4ff8-b5be-34fb988f3913"]
[debug] &amp#27;[38;5;32m[AndroidUiautomator2Driver@1965 (1bf46aad)]&amp#27;[0m Valid locator strategies for this request: xpath, id, class name, accessibility id, css selector, -android uiautomator
[debug] &amp#27;[38;5;32m[AndroidUiautomator2Driver@1965 (1bf46aad)]&amp#27;[0m Waiting up to 10000 ms for condition
[debug] &amp#27;[38;5;32m[AndroidUiautomator2Driver@1965 (1bf46aad)]&amp#27;[0m Matched '/element' to command name 'findElement'
[debug] &amp#27;[38;5;32m[AndroidUiautomator2Driver@1965 (1bf46aad)]&amp#27;[0m Proxying [POST /element] to [POST http://127.0.0.1:8202/session/79da4935-0419-45f6-906b-44db54c8641b/element] with body: {"strategy":"xpath","selector":"//android.widget.RadioButton[@text=\"Male\"]","context":"","multiple":false}
[debug] &amp#27;[38;5;32m[AndroidUiautomator2Driver@1965 (1bf46aad)]&amp#27;[0m Got response with status 200: {"sessionId":"79da4935-0419-45f6-906b-44db54c8641b","value":{"ELEMENT":"00000000-0000-0a00-ffff-ffff00000016","element-6066-11e4-a52e-4f735466cecf":"00000000-0000-0a00-ffff-ffff00000016"}}
[debug] &amp#27;[38;5;32m[AndroidUiautomator2Driver@1965 (1bf46aad)]&amp#27;[0m Responding to client with driver.findElement() result: {"element-6066-11e4-a52e-4f735466cecf":"00000000-0000-0a00-ffff-ffff00000016","ELEMENT":"00000000-0000-0a00-ffff-ffff00000016"}
&amp#27;[38;5;0m[HTTP]&amp#27;[0m &amp#27;[37m<-- POST /session/1bf46aad-8211-4ff8-b5be-34fb988f3913/element &amp#27;[39m&amp#27;[32m200&amp#27;[39m &amp#27;[90m644 ms - 137&amp#27;[39m
&amp#27;[38;5;0m[HTTP]&amp#27;[0m &amp#27;[90m&amp#27;[39m
&amp#27;[38;5;0m[HTTP]&amp#27;[0m &amp#27;[37m-->&amp#27;[39m &amp#27;[37mPOST&amp#27;[39m &amp#27;[37m/session/1bf46aad-8211-4ff8-b5be-34fb988f3913/element/00000000-0000-0a00-ffff-ffff00000016/click&amp#27;[39m
&amp#27;[38;5;0m[HTTP]&amp#27;[0m &amp#27;[90m{"id":"00000000-0000-0a00-ffff-ffff00000016"}&amp#27;[39m
[debug] &amp#27;[38;5;32m[AndroidUiautomator2Driver@1965 (1bf46aad)]&amp#27;[0m Calling AppiumDriver.click() with args: ["00000000-0000-0a00-ffff-ffff00000016","1bf46aad-8211-4ff8-b5be-34fb988f3913"]
[debug] &amp#27;[38;5;32m[AndroidUiautomator2Driver@1965 (1bf46aad)]&amp#27;[0m Matched '/element/00000000-0000-0a00-ffff-ffff00000016/click' to command name 'click'
[debug] &amp#27;[38;5;32m[AndroidUiautomator2Driver@1965 (1bf46aad)]&amp#27;[0m Proxying [POST /element/00000000-0000-0a00-ffff-ffff00000016/click] to [POST http://127.0.0.1:8202/session/79da4935-0419-45f6-906b-44db54c8641b/element/00000000-0000-0a00-ffff-ffff00000016/click] with body: {"element":"00000000-0000-0a00-ffff-ffff00000016"}
[debug] &amp#27;[38;5;32m[AndroidUiautomator2Driver@1965 (1bf46aad)]&amp#27;[0m Got response with status 200: {"sessionId":"79da4935-0419-45f6-906b-44db54c8641b","value":null}
[debug] &amp#27;[38;5;32m[AndroidUiautomator2Driver@1965 (1bf46aad)]&amp#27;[0m Responding to client with driver.click() result: null
&amp#27;[38;5;0m[HTTP]&amp#27;[0m &amp#27;[37m<-- POST /session/1bf46aad-8211-4ff8-b5be-34fb988f3913/element/00000000-0000-0a00-ffff-ffff00000016/click &amp#27;[39m&amp#27;[32m200&amp#27;[39m &amp#27;[90m39 ms - 14&amp#27;[39m
&amp#27;[38;5;0m[HTTP]&amp#27;[0m &amp#27;[90m&amp#27;[39m
&amp#27;[38;5;0m[HTTP]&amp#27;[0m &amp#27;[37m-->&amp#27;[39m &amp#27;[37mGET&amp#27;[39m &amp#27;[37m/session/1bf46aad-8211-4ff8-b5be-34fb988f3913/context&amp#27;[39m
&amp#27;[38;5;0m[HTTP]&amp#27;[0m &amp#27;[90m{}&amp#27;[39m
[debug] &amp#27;[38;5;32m[AndroidUiautomator2Driver@1965 (1bf46aad)]&amp#27;[0m Calling AppiumDriver.getCurrentContext() with args: ["1bf46aad-8211-4ff8-b5be-34fb988f3913"]
[debug] &amp#27;[38;5;32m[AndroidUiautomator2Driver@1965 (1bf46aad)]&amp#27;[0m Responding to client with driver.getCurrentContext() result: "NATIVE_APP"
&amp#27;[38;5;0m[HTTP]&amp#27;[0m &amp#27;[37m<-- GET /session/1bf46aad-8211-4ff8-b5be-34fb988f3913/context &amp#27;[39m&amp#27;[32m200&amp#27;[39m &amp#27;[90m1 ms - 22&amp#27;[39m
&amp#27;[38;5;0m[HTTP]&amp#27;[0m &amp#27;[90m&amp#27;[39m
&amp#27;[38;5;0m[HTTP]&amp#27;[0m &amp#27;[37m-->&amp#27;[39m &amp#27;[37mPOST&amp#27;[39m &amp#27;[37m/session/1bf46aad-8211-4ff8-b5be-34fb988f3913/element&amp#27;[39m
&amp#27;[38;5;0m[HTTP]&amp#27;[0m &amp#27;[90m{"using":"id","value":"android:id/text1"}&amp#27;[39m
[debug] &amp#27;[38;5;32m[AndroidUiautomator2Driver@1965 (1bf46aad)]&amp#27;[0m Calling AppiumDriver.findElement() with args: ["id","android:id/text1","1bf46aad-8211-4ff8-b5be-34fb988f3913"]
[debug] &amp#27;[38;5;32m[AndroidUiautomator2Driver@1965 (1bf46aad)]&amp#27;[0m Valid locator strategies for this request: xpath, id, class name, accessibility id, css selector, -android uiautomator
[debug] &amp#27;[38;5;32m[AndroidUiautomator2Driver@1965 (1bf46aad)]&amp#27;[0m Waiting up to 10000 ms for condition
[debug] &amp#27;[38;5;32m[AndroidUiautomator2Driver@1965 (1bf46aad)]&amp#27;[0m Matched '/element' to command name 'findElement'
[debug] &amp#27;[38;5;32m[AndroidUiautomator2Driver@1965 (1bf46aad)]&amp#27;[0m Proxying [POST /element] to [POST http://127.0.0.1:8202/session/79da4935-0419-45f6-906b-44db54c8641b/element] with body: {"strategy":"id","selector":"android:id/text1","context":"","multiple":false}
[debug] &amp#27;[38;5;32m[AndroidUiautomator2Driver@1965 (1bf46aad)]&amp#27;[0m Got response with status 200: {"sessionId":"79da4935-0419-45f6-906b-44db54c8641b","value":{"ELEMENT":"00000000-0000-0a00-ffff-ffff0000001b","element-6066-11e4-a52e-4f735466cecf":"00000000-0000-0a00-ffff-ffff0000001b"}}
[debug] &amp#27;[38;5;32m[AndroidUiautomator2Driver@1965 (1bf46aad)]&amp#27;[0m Responding to client with driver.findElement() result: {"element-6066-11e4-a52e-4f735466cecf":"00000000-0000-0a00-ffff-ffff0000001b","ELEMENT":"00000000-0000-0a00-ffff-ffff0000001b"}
&amp#27;[38;5;0m[HTTP]&amp#27;[0m &amp#27;[37m<-- POST /session/1bf46aad-8211-4ff8-b5be-34fb988f3913/element &amp#27;[39m&amp#27;[32m200&amp#27;[39m &amp#27;[90m512 ms - 137&amp#27;[39m
&amp#27;[38;5;0m[HTTP]&amp#27;[0m &amp#27;[90m&amp#27;[39m
&amp#27;[38;5;0m[HTTP]&amp#27;[0m &amp#27;[37m-->&amp#27;[39m &amp#27;[37mPOST&amp#27;[39m &amp#27;[37m/session/1bf46aad-8211-4ff8-b5be-34fb988f3913/element/00000000-0000-0a00-ffff-ffff0000001b/click&amp#27;[39m
&amp#27;[38;5;0m[HTTP]&amp#27;[0m &amp#27;[90m{"id":"00000000-0000-0a00-ffff-ffff0000001b"}&amp#27;[39m
[debug] &amp#27;[38;5;32m[AndroidUiautomator2Driver@1965 (1bf46aad)]&amp#27;[0m Calling AppiumDriver.click() with args: ["00000000-0000-0a00-ffff-ffff0000001b","1bf46aad-8211-4ff8-b5be-34fb988f3913"]
[debug] &amp#27;[38;5;32m[AndroidUiautomator2Driver@1965 (1bf46aad)]&amp#27;[0m Matched '/element/00000000-0000-0a00-ffff-ffff0000001b/click' to command name 'click'
[debug] &amp#27;[38;5;32m[AndroidUiautomator2Driver@1965 (1bf46aad)]&amp#27;[0m Proxying [POST /element/00000000-0000-0a00-ffff-ffff0000001b/click] to [POST http://127.0.0.1:8202/session/79da4935-0419-45f6-906b-44db54c8641b/element/00000000-0000-0a00-ffff-ffff0000001b/click] with body: {"element":"00000000-0000-0a00-ffff-ffff0000001b"}
[debug] &amp#27;[38;5;32m[AndroidUiautomator2Driver@1965 (1bf46aad)]&amp#27;[0m Got response with status 200: {"sessionId":"79da4935-0419-45f6-906b-44db54c8641b","value":null}
[debug] &amp#27;[38;5;32m[AndroidUiautomator2Driver@1965 (1bf46aad)]&amp#27;[0m Responding to client with driver.click() result: null
&amp#27;[38;5;0m[HTTP]&amp#27;[0m &amp#27;[37m<-- POST /session/1bf46aad-8211-4ff8-b5be-34fb988f3913/element/00000000-0000-0a00-ffff-ffff0000001b/click &amp#27;[39m&amp#27;[32m200&amp#27;[39m &amp#27;[90m53 ms - 14&amp#27;[39m
&amp#27;[38;5;0m[HTTP]&amp#27;[0m &amp#27;[90m&amp#27;[39m
&amp#27;[38;5;0m[HTTP]&amp#27;[0m &amp#27;[37m-->&amp#27;[39m &amp#27;[37mPOST&amp#27;[39m &amp#27;[37m/session/1bf46aad-8211-4ff8-b5be-34fb988f3913/element&amp#27;[39m
&amp#27;[38;5;0m[HTTP]&amp#27;[0m &amp#27;[90m{"using":"-android uiautomator","value":"new UiScrollable(new UiSelector().scrollable(true)).scrollIntoView(new UiSelector().text(\"Argentina\"));"}&amp#27;[39m
[debug] &amp#27;[38;5;32m[AndroidUiautomator2Driver@1965 (1bf46aad)]&amp#27;[0m Calling AppiumDriver.findElement() with args: ["-android uiautomator","new UiScrollable(new UiSelector().scrollable(true)).scrollIntoView(new UiSelector().text(\"Argentina\"));","1bf46aad-8211-4ff8-b5be-34fb988f3913"]
[debug] &amp#27;[38;5;32m[AndroidUiautomator2Driver@1965 (1bf46aad)]&amp#27;[0m Valid locator strategies for this request: xpath, id, class name, accessibility id, css selector, -android uiautomator
[debug] &amp#27;[38;5;32m[AndroidUiautomator2Driver@1965 (1bf46aad)]&amp#27;[0m Waiting up to 10000 ms for condition
[debug] &amp#27;[38;5;32m[AndroidUiautomator2Driver@1965 (1bf46aad)]&amp#27;[0m Matched '/element' to command name 'findElement'
[debug] &amp#27;[38;5;32m[AndroidUiautomator2Driver@1965 (1bf46aad)]&amp#27;[0m Proxying [POST /element] to [POST http://127.0.0.1:8202/session/79da4935-0419-45f6-906b-44db54c8641b/element] with body: {"strategy":"-android uiautomator","selector":"new UiScrollable(new UiSelector().scrollable(true)).scrollIntoView(new UiSelector().text(\"Argentina\"));","context":"","multiple":false}
[debug] &amp#27;[38;5;32m[AndroidUiautomator2Driver@1965 (1bf46aad)]&amp#27;[0m Got response with status 200: {"sessionId":"79da4935-0419-45f6-906b-44db54c8641b","value":{"ELEMENT":"00000000-0000-0a01-ffff-ffff00000029","element-6066-11e4-a52e-4f735466cecf":"00000000-0000-0a01-ffff-ffff00000029"}}
[debug] &amp#27;[38;5;32m[AndroidUiautomator2Driver@1965 (1bf46aad)]&amp#27;[0m Responding to client with driver.findElement() result: {"element-6066-11e4-a52e-4f735466cecf":"00000000-0000-0a01-ffff-ffff00000029","ELEMENT":"00000000-0000-0a01-ffff-ffff00000029"}
&amp#27;[38;5;0m[HTTP]&amp#27;[0m &amp#27;[37m<-- POST /session/1bf46aad-8211-4ff8-b5be-34fb988f3913/element &amp#27;[39m&amp#27;[32m200&amp#27;[39m &amp#27;[90m5624 ms - 137&amp#27;[39m
&amp#27;[38;5;0m[HTTP]&amp#27;[0m &amp#27;[90m&amp#27;[39m
&amp#27;[38;5;0m[HTTP]&amp#27;[0m &amp#27;[37m-->&amp#27;[39m &amp#27;[37mPOST&amp#27;[39m &amp#27;[37m/session/1bf46aad-8211-4ff8-b5be-34fb988f3913/element&amp#27;[39m
&amp#27;[38;5;0m[HTTP]&amp#27;[0m &amp#27;[90m{"using":"xpath","value":"//android.widget.TextView[@text='Argentina']"}&amp#27;[39m
[debug] &amp#27;[38;5;32m[AndroidUiautomator2Driver@1965 (1bf46aad)]&amp#27;[0m Calling AppiumDriver.findElement() with args: ["xpath","//android.widget.TextView[@text='Argentina']","1bf46aad-8211-4ff8-b5be-34fb988f3913"]
[debug] &amp#27;[38;5;32m[AndroidUiautomator2Driver@1965 (1bf46aad)]&amp#27;[0m Valid locator strategies for this request: xpath, id, class name, accessibility id, css selector, -android uiautomator
[debug] &amp#27;[38;5;32m[AndroidUiautomator2Driver@1965 (1bf46aad)]&amp#27;[0m Waiting up to 10000 ms for condition
[debug] &amp#27;[38;5;32m[AndroidUiautomator2Driver@1965 (1bf46aad)]&amp#27;[0m Matched '/element' to command name 'findElement'
[debug] &amp#27;[38;5;32m[AndroidUiautomator2Driver@1965 (1bf46aad)]&amp#27;[0m Proxying [POST /element] to [POST http://127.0.0.1:8202/session/79da4935-0419-45f6-906b-44db54c8641b/element] with body: {"strategy":"xpath","selector":"//android.widget.TextView[@text='Argentina']","context":"","multiple":false}
[debug] &amp#27;[38;5;32m[AndroidUiautomator2Driver@1965 (1bf46aad)]&amp#27;[0m Got response with status 200: {"sessionId":"79da4935-0419-45f6-906b-44db54c8641b","value":{"ELEMENT":"00000000-0000-0a01-ffff-ffff00000029","element-6066-11e4-a52e-4f735466cecf":"00000000-0000-0a01-ffff-ffff00000029"}}
[debug] &amp#27;[38;5;32m[AndroidUiautomator2Driver@1965 (1bf46aad)]&amp#27;[0m Responding to client with driver.findElement() result: {"element-6066-11e4-a52e-4f735466cecf":"00000000-0000-0a01-ffff-ffff00000029","ELEMENT":"00000000-0000-0a01-ffff-ffff00000029"}
&amp#27;[38;5;0m[HTTP]&amp#27;[0m &amp#27;[37m<-- POST /session/1bf46aad-8211-4ff8-b5be-34fb988f3913/element &amp#27;[39m&amp#27;[32m200&amp#27;[39m &amp#27;[90m33 ms - 137&amp#27;[39m
&amp#27;[38;5;0m[HTTP]&amp#27;[0m &amp#27;[90m&amp#27;[39m
&amp#27;[38;5;0m[HTTP]&amp#27;[0m &amp#27;[37m-->&amp#27;[39m &amp#27;[37mPOST&amp#27;[39m &amp#27;[37m/session/1bf46aad-8211-4ff8-b5be-34fb988f3913/element/00000000-0000-0a01-ffff-ffff00000029/click&amp#27;[39m
&amp#27;[38;5;0m[HTTP]&amp#27;[0m &amp#27;[90m{"id":"00000000-0000-0a01-ffff-ffff00000029"}&amp#27;[39m
[debug] &amp#27;[38;5;32m[AndroidUiautomator2Driver@1965 (1bf46aad)]&amp#27;[0m Calling AppiumDriver.click() with args: ["00000000-0000-0a01-ffff-ffff00000029","1bf46aad-8211-4ff8-b5be-34fb988f3913"]
[debug] &amp#27;[38;5;32m[AndroidUiautomator2Driver@1965 (1bf46aad)]&amp#27;[0m Matched '/element/00000000-0000-0a01-ffff-ffff00000029/click' to command name 'click'
[debug] &amp#27;[38;5;32m[AndroidUiautomator2Driver@1965 (1bf46aad)]&amp#27;[0m Proxying [POST /element/00000000-0000-0a01-ffff-ffff00000029/click] to [POST http://127.0.0.1:8202/session/79da4935-0419-45f6-906b-44db54c8641b/element/00000000-0000-0a01-ffff-ffff00000029/click] with body: {"element":"00000000-0000-0a01-ffff-ffff00000029"}
[debug] &amp#27;[38;5;32m[AndroidUiautomator2Driver@1965 (1bf46aad)]&amp#27;[0m Got response with status 200: {"sessionId":"79da4935-0419-45f6-906b-44db54c8641b","value":null}
[debug] &amp#27;[38;5;32m[AndroidUiautomator2Driver@1965 (1bf46aad)]&amp#27;[0m Responding to client with driver.click() result: null
&amp#27;[38;5;0m[HTTP]&amp#27;[0m &amp#27;[37m<-- POST /session/1bf46aad-8211-4ff8-b5be-34fb988f3913/element/00000000-0000-0a01-ffff-ffff00000029/click &amp#27;[39m&amp#27;[32m200&amp#27;[39m &amp#27;[90m666 ms - 14&amp#27;[39m
&amp#27;[38;5;0m[HTTP]&amp#27;[0m &amp#27;[90m&amp#27;[39m
&amp#27;[38;5;0m[HTTP]&amp#27;[0m &amp#27;[37m-->&amp#27;[39m &amp#27;[37mGET&amp#27;[39m &amp#27;[37m/session/1bf46aad-8211-4ff8-b5be-34fb988f3913/context&amp#27;[39m
&amp#27;[38;5;0m[HTTP]&amp#27;[0m &amp#27;[90m{}&amp#27;[39m
[debug] &amp#27;[38;5;32m[AndroidUiautomator2Driver@1965 (1bf46aad)]&amp#27;[0m Calling AppiumDriver.getCurrentContext() with args: ["1bf46aad-8211-4ff8-b5be-34fb988f3913"]
[debug] &amp#27;[38;5;32m[AndroidUiautomator2Driver@1965 (1bf46aad)]&amp#27;[0m Responding to client with driver.getCurrentContext() result: "NATIVE_APP"
&amp#27;[38;5;0m[HTTP]&amp#27;[0m &amp#27;[37m<-- GET /session/1bf46aad-8211-4ff8-b5be-34fb988f3913/context &amp#27;[39m&amp#27;[32m200&amp#27;[39m &amp#27;[90m1 ms - 22&amp#27;[39m
&amp#27;[38;5;0m[HTTP]&amp#27;[0m &amp#27;[90m&amp#27;[39m
&amp#27;[38;5;0m[HTTP]&amp#27;[0m &amp#27;[37m-->&amp#27;[39m &amp#27;[37mPOST&amp#27;[39m &amp#27;[37m/session/1bf46aad-8211-4ff8-b5be-34fb988f3913/element&amp#27;[39m
&amp#27;[38;5;0m[HTTP]&amp#27;[0m &amp#27;[90m{"using":"id","value":"com.androidsample.generalstore:id/btnLetsShop"}&amp#27;[39m
[debug] &amp#27;[38;5;32m[AndroidUiautomator2Driver@1965 (1bf46aad)]&amp#27;[0m Calling AppiumDriver.findElement() with args: ["id","com.androidsample.generalstore:id/btnLetsShop","1bf46aad-8211-4ff8-b5be-34fb988f3913"]
[debug] &amp#27;[38;5;32m[AndroidUiautomator2Driver@1965 (1bf46aad)]&amp#27;[0m Valid locator strategies for this request: xpath, id, class name, accessibility id, css selector, -android uiautomator
[debug] &amp#27;[38;5;32m[AndroidUiautomator2Driver@1965 (1bf46aad)]&amp#27;[0m Waiting up to 10000 ms for condition
[debug] &amp#27;[38;5;32m[AndroidUiautomator2Driver@1965 (1bf46aad)]&amp#27;[0m Matched '/element' to command name 'findElement'
[debug] &amp#27;[38;5;32m[AndroidUiautomator2Driver@1965 (1bf46aad)]&amp#27;[0m Proxying [POST /element] to [POST http://127.0.0.1:8202/session/79da4935-0419-45f6-906b-44db54c8641b/element] with body: {"strategy":"id","selector":"com.androidsample.generalstore:id/btnLetsShop","context":"","multiple":false}
[debug] &amp#27;[38;5;32m[AndroidUiautomator2Driver@1965 (1bf46aad)]&amp#27;[0m Got response with status 200: {"sessionId":"79da4935-0419-45f6-906b-44db54c8641b","value":{"ELEMENT":"00000000-0000-0a00-ffff-ffff00000018","element-6066-11e4-a52e-4f735466cecf":"00000000-0000-0a00-ffff-ffff00000018"}}
[debug] &amp#27;[38;5;32m[AndroidUiautomator2Driver@1965 (1bf46aad)]&amp#27;[0m Responding to client with driver.findElement() result: {"element-6066-11e4-a52e-4f735466cecf":"00000000-0000-0a00-ffff-ffff00000018","ELEMENT":"00000000-0000-0a00-ffff-ffff00000018"}
&amp#27;[38;5;0m[HTTP]&amp#27;[0m &amp#27;[37m<-- POST /session/1bf46aad-8211-4ff8-b5be-34fb988f3913/element &amp#27;[39m&amp#27;[32m200&amp#27;[39m &amp#27;[90m13 ms - 137&amp#27;[39m
&amp#27;[38;5;0m[HTTP]&amp#27;[0m &amp#27;[90m&amp#27;[39m
&amp#27;[38;5;0m[HTTP]&amp#27;[0m &amp#27;[37m-->&amp#27;[39m &amp#27;[37mPOST&amp#27;[39m &amp#27;[37m/session/1bf46aad-8211-4ff8-b5be-34fb988f3913/element/00000000-0000-0a00-ffff-ffff00000018/click&amp#27;[39m
&amp#27;[38;5;0m[HTTP]&amp#27;[0m &amp#27;[90m{"id":"00000000-0000-0a00-ffff-ffff00000018"}&amp#27;[39m
[debug] &amp#27;[38;5;32m[AndroidUiautomator2Driver@1965 (1bf46aad)]&amp#27;[0m Calling AppiumDriver.click() with args: ["00000000-0000-0a00-ffff-ffff00000018","1bf46aad-8211-4ff8-b5be-34fb988f3913"]
[debug] &amp#27;[38;5;32m[AndroidUiautomator2Driver@1965 (1bf46aad)]&amp#27;[0m Matched '/element/00000000-0000-0a00-ffff-ffff00000018/click' to command name 'click'
[debug] &amp#27;[38;5;32m[AndroidUiautomator2Driver@1965 (1bf46aad)]&amp#27;[0m Proxying [POST /element/00000000-0000-0a00-ffff-ffff00000018/click] to [POST http://127.0.0.1:8202/session/79da4935-0419-45f6-906b-44db54c8641b/element/00000000-0000-0a00-ffff-ffff00000018/click] with body: {"element":"00000000-0000-0a00-ffff-ffff00000018"}
[debug] &amp#27;[38;5;32m[AndroidUiautomator2Driver@1965 (1bf46aad)]&amp#27;[0m Got response with status 200: {"sessionId":"79da4935-0419-45f6-906b-44db54c8641b","value":null}
[debug] &amp#27;[38;5;32m[AndroidUiautomator2Driver@1965 (1bf46aad)]&amp#27;[0m Responding to client with driver.click() result: null
&amp#27;[38;5;0m[HTTP]&amp#27;[0m &amp#27;[37m<-- POST /session/1bf46aad-8211-4ff8-b5be-34fb988f3913/element/00000000-0000-0a00-ffff-ffff00000018/click &amp#27;[39m&amp#27;[32m200&amp#27;[39m &amp#27;[90m40 ms - 14&amp#27;[39m
&amp#27;[38;5;0m[HTTP]&amp#27;[0m &amp#27;[90m&amp#27;[39m
&amp#27;[38;5;0m[HTTP]&amp#27;[0m &amp#27;[37m-->&amp#27;[39m &amp#27;[37mGET&amp#27;[39m &amp#27;[37m/session/1bf46aad-8211-4ff8-b5be-34fb988f3913/context&amp#27;[39m
&amp#27;[38;5;0m[HTTP]&amp#27;[0m &amp#27;[90m{}&amp#27;[39m
[debug] &amp#27;[38;5;32m[AndroidUiautomator2Driver@1965 (1bf46aad)]&amp#27;[0m Calling AppiumDriver.getCurrentContext() with args: ["1bf46aad-8211-4ff8-b5be-34fb988f3913"]
[debug] &amp#27;[38;5;32m[AndroidUiautomator2Driver@1965 (1bf46aad)]&amp#27;[0m Responding to client with driver.getCurrentContext() result: "NATIVE_APP"
&amp#27;[38;5;0m[HTTP]&amp#27;[0m &amp#27;[37m<-- GET /session/1bf46aad-8211-4ff8-b5be-34fb988f3913/context &amp#27;[39m&amp#27;[32m200&amp#27;[39m &amp#27;[90m1 ms - 22&amp#27;[39m
&amp#27;[38;5;0m[HTTP]&amp#27;[0m &amp#27;[90m&amp#27;[39m
&amp#27;[38;5;0m[HTTP]&amp#27;[0m &amp#27;[37m-->&amp#27;[39m &amp#27;[37mPOST&amp#27;[39m &amp#27;[37m/session/1bf46aad-8211-4ff8-b5be-34fb988f3913/elements&amp#27;[39m
&amp#27;[38;5;0m[HTTP]&amp#27;[0m &amp#27;[90m{"using":"xpath","value":"//android.widget.TextView[@text=\"ADD TO CART\"]"}&amp#27;[39m
[debug] &amp#27;[38;5;32m[AndroidUiautomator2Driver@1965 (1bf46aad)]&amp#27;[0m Calling AppiumDriver.findElements() with args: ["xpath","//android.widget.TextView[@text=\"ADD TO CART\"]","1bf46aad-8211-4ff8-b5be-34fb988f3913"]
[debug] &amp#27;[38;5;32m[AndroidUiautomator2Driver@1965 (1bf46aad)]&amp#27;[0m Valid locator strategies for this request: xpath, id, class name, accessibility id, css selector, -android uiautomator
[debug] &amp#27;[38;5;32m[AndroidUiautomator2Driver@1965 (1bf46aad)]&amp#27;[0m Waiting up to 10000 ms for condition
[debug] &amp#27;[38;5;32m[AndroidUiautomator2Driver@1965 (1bf46aad)]&amp#27;[0m Matched '/elements' to command name 'findElements'
[debug] &amp#27;[38;5;32m[AndroidUiautomator2Driver@1965 (1bf46aad)]&amp#27;[0m Proxying [POST /elements] to [POST http://127.0.0.1:8202/session/79da4935-0419-45f6-906b-44db54c8641b/elements] with body: {"strategy":"xpath","selector":"//android.widget.TextView[@text=\"ADD TO CART\"]","context":"","multiple":true}
[debug] &amp#27;[38;5;32m[AndroidUiautomator2Driver@1965 (1bf46aad)]&amp#27;[0m Got response with status 200: {"sessionId":"79da4935-0419-45f6-906b-44db54c8641b","value":[]}
[debug] &amp#27;[38;5;32m[AndroidUiautomator2Driver@1965 (1bf46aad)]&amp#27;[0m Waited for 149 ms so far
[debug] &amp#27;[38;5;32m[AndroidUiautomator2Driver@1965 (1bf46aad)]&amp#27;[0m Matched '/elements' to command name 'findElements'
[debug] &amp#27;[38;5;32m[AndroidUiautomator2Driver@1965 (1bf46aad)]&amp#27;[0m Proxying [POST /elements] to [POST http://127.0.0.1:8202/session/79da4935-0419-45f6-906b-44db54c8641b/elements] with body: {"strategy":"xpath","selector":"//android.widget.TextView[@text=\"ADD TO CART\"]","context":"","multiple":true}
[debug] &amp#27;[38;5;32m[AndroidUiautomator2Driver@1965 (1bf46aad)]&amp#27;[0m Got response with status 200: {"sessionId":"79da4935-0419-45f6-906b-44db54c8641b","value":[{"ELEMENT":"00000000-0000-0a02-ffff-ffff00000048","element-6066-11e4-a52e-4f735466cecf":"00000000-0000-0a02-ffff-ffff00000048"},{"ELEMENT":"00000000-0000-0a02-ffff-ffff00000050","element-6066-11e4-a52e-4f735466cecf":"00000000-0000-0a02-ffff-ffff00000050"}]}
[debug] &amp#27;[38;5;32m[AndroidUiautomator2Driver@1965 (1bf46aad)]&amp#27;[0m Responding to client with driver.findElements() result: [{"element-6066-11e4-a52e-4f735466cecf":"00000000-0000-0a02-ffff-ffff00000048","ELEMENT":"00000000-0000-0a02-ffff-ffff00000048"},{"element-6066-11e4-a52e-4f735466cecf":"00000000-0000-0a02-ffff-ffff00000050","ELEMENT":"00000000-0000-0a02-ffff-ffff00000050"}]
&amp#27;[38;5;0m[HTTP]&amp#27;[0m &amp#27;[37m<-- POST /session/1bf46aad-8211-4ff8-b5be-34fb988f3913/elements &amp#27;[39m&amp#27;[32m200&amp#27;[39m &amp#27;[90m757 ms - 267&amp#27;[39m
&amp#27;[38;5;0m[HTTP]&amp#27;[0m &amp#27;[90m&amp#27;[39m
&amp#27;[38;5;0m[HTTP]&amp#27;[0m &amp#27;[37m-->&amp#27;[39m &amp#27;[37mPOST&amp#27;[39m &amp#27;[37m/session/1bf46aad-8211-4ff8-b5be-34fb988f3913/element/00000000-0000-0a02-ffff-ffff00000048/click&amp#27;[39m
&amp#27;[38;5;0m[HTTP]&amp#27;[0m &amp#27;[90m{"id":"00000000-0000-0a02-ffff-ffff00000048"}&amp#27;[39m
[debug] &amp#27;[38;5;32m[AndroidUiautomator2Driver@1965 (1bf46aad)]&amp#27;[0m Calling AppiumDriver.click() with args: ["00000000-0000-0a02-ffff-ffff00000048","1bf46aad-8211-4ff8-b5be-34fb988f3913"]
[debug] &amp#27;[38;5;32m[AndroidUiautomator2Driver@1965 (1bf46aad)]&amp#27;[0m Matched '/element/00000000-0000-0a02-ffff-ffff00000048/click' to command name 'click'
[debug] &amp#27;[38;5;32m[AndroidUiautomator2Driver@1965 (1bf46aad)]&amp#27;[0m Proxying [POST /element/00000000-0000-0a02-ffff-ffff00000048/click] to [POST http://127.0.0.1:8202/session/79da4935-0419-45f6-906b-44db54c8641b/element/00000000-0000-0a02-ffff-ffff00000048/click] with body: {"element":"00000000-0000-0a02-ffff-ffff00000048"}
[debug] &amp#27;[38;5;32m[AndroidUiautomator2Driver@1965 (1bf46aad)]&amp#27;[0m Got response with status 200: {"sessionId":"79da4935-0419-45f6-906b-44db54c8641b","value":null}
[debug] &amp#27;[38;5;32m[AndroidUiautomator2Driver@1965 (1bf46aad)]&amp#27;[0m Responding to client with driver.click() result: null
&amp#27;[38;5;0m[HTTP]&amp#27;[0m &amp#27;[37m<-- POST /session/1bf46aad-8211-4ff8-b5be-34fb988f3913/element/00000000-0000-0a02-ffff-ffff00000048/click &amp#27;[39m&amp#27;[32m200&amp#27;[39m &amp#27;[90m536 ms - 14&amp#27;[39m
&amp#27;[38;5;0m[HTTP]&amp#27;[0m &amp#27;[90m&amp#27;[39m
&amp#27;[38;5;0m[HTTP]&amp#27;[0m &amp#27;[37m-->&amp#27;[39m &amp#27;[37mGET&amp#27;[39m &amp#27;[37m/session/1bf46aad-8211-4ff8-b5be-34fb988f3913/context&amp#27;[39m
&amp#27;[38;5;0m[HTTP]&amp#27;[0m &amp#27;[90m{}&amp#27;[39m
[debug] &amp#27;[38;5;32m[AndroidUiautomator2Driver@1965 (1bf46aad)]&amp#27;[0m Calling AppiumDriver.getCurrentContext() with args: ["1bf46aad-8211-4ff8-b5be-34fb988f3913"]
[debug] &amp#27;[38;5;32m[AndroidUiautomator2Driver@1965 (1bf46aad)]&amp#27;[0m Responding to client with driver.getCurrentContext() result: "NATIVE_APP"
&amp#27;[38;5;0m[HTTP]&amp#27;[0m &amp#27;[37m<-- GET /session/1bf46aad-8211-4ff8-b5be-34fb988f3913/context &amp#27;[39m&amp#27;[32m200&amp#27;[39m &amp#27;[90m1 ms - 22&amp#27;[39m
&amp#27;[38;5;0m[HTTP]&amp#27;[0m &amp#27;[90m&amp#27;[39m
&amp#27;[38;5;0m[HTTP]&amp#27;[0m &amp#27;[37m-->&amp#27;[39m &amp#27;[37mPOST&amp#27;[39m &amp#27;[37m/session/1bf46aad-8211-4ff8-b5be-34fb988f3913/elements&amp#27;[39m
&amp#27;[38;5;0m[HTTP]&amp#27;[0m &amp#27;[90m{"using":"xpath","value":"//android.widget.TextView[@text=\"ADD TO CART\"]"}&amp#27;[39m
[debug] &amp#27;[38;5;32m[AndroidUiautomator2Driver@1965 (1bf46aad)]&amp#27;[0m Calling AppiumDriver.findElements() with args: ["xpath","//android.widget.TextView[@text=\"ADD TO CART\"]","1bf46aad-8211-4ff8-b5be-34fb988f3913"]
[debug] &amp#27;[38;5;32m[AndroidUiautomator2Driver@1965 (1bf46aad)]&amp#27;[0m Valid locator strategies for this request: xpath, id, class name, accessibility id, css selector, -android uiautomator
[debug] &amp#27;[38;5;32m[AndroidUiautomator2Driver@1965 (1bf46aad)]&amp#27;[0m Waiting up to 10000 ms for condition
[debug] &amp#27;[38;5;32m[AndroidUiautomator2Driver@1965 (1bf46aad)]&amp#27;[0m Matched '/elements' to command name 'findElements'
[debug] &amp#27;[38;5;32m[AndroidUiautomator2Driver@1965 (1bf46aad)]&amp#27;[0m Proxying [POST /elements] to [POST http://127.0.0.1:8202/session/79da4935-0419-45f6-906b-44db54c8641b/elements] with body: {"strategy":"xpath","selector":"//android.widget.TextView[@text=\"ADD TO CART\"]","context":"","multiple":true}
[debug] &amp#27;[38;5;32m[AndroidUiautomator2Driver@1965 (1bf46aad)]&amp#27;[0m Got response with status 200: {"sessionId":"79da4935-0419-45f6-906b-44db54c8641b","value":[{"ELEMENT":"00000000-0000-0a02-ffff-ffff00000050","element-6066-11e4-a52e-4f735466cecf":"00000000-0000-0a02-ffff-ffff00000050"}]}
[debug] &amp#27;[38;5;32m[AndroidUiautomator2Driver@1965 (1bf46aad)]&amp#27;[0m Responding to client with driver.findElements() result: [{"element-6066-11e4-a52e-4f735466cecf":"00000000-0000-0a02-ffff-ffff00000050","ELEMENT":"00000000-0000-0a02-ffff-ffff00000050"}]
&amp#27;[38;5;0m[HTTP]&amp#27;[0m &amp#27;[37m<-- POST /session/1bf46aad-8211-4ff8-b5be-34fb988f3913/elements &amp#27;[39m&amp#27;[32m200&amp#27;[39m &amp#27;[90m35 ms - 139&amp#27;[39m
&amp#27;[38;5;0m[HTTP]&amp#27;[0m &amp#27;[90m&amp#27;[39m
&amp#27;[38;5;0m[HTTP]&amp#27;[0m &amp#27;[37m-->&amp#27;[39m &amp#27;[37mPOST&amp#27;[39m &amp#27;[37m/session/1bf46aad-8211-4ff8-b5be-34fb988f3913/element/00000000-0000-0a02-ffff-ffff00000050/click&amp#27;[39m
&amp#27;[38;5;0m[HTTP]&amp#27;[0m &amp#27;[90m{"id":"00000000-0000-0a02-ffff-ffff00000050"}&amp#27;[39m
[debug] &amp#27;[38;5;32m[AndroidUiautomator2Driver@1965 (1bf46aad)]&amp#27;[0m Calling AppiumDriver.click() with args: ["00000000-0000-0a02-ffff-ffff00000050","1bf46aad-8211-4ff8-b5be-34fb988f3913"]
[debug] &amp#27;[38;5;32m[AndroidUiautomator2Driver@1965 (1bf46aad)]&amp#27;[0m Matched '/element/00000000-0000-0a02-ffff-ffff00000050/click' to command name 'click'
[debug] &amp#27;[38;5;32m[AndroidUiautomator2Driver@1965 (1bf46aad)]&amp#27;[0m Proxying [POST /element/00000000-0000-0a02-ffff-ffff00000050/click] to [POST http://127.0.0.1:8202/session/79da4935-0419-45f6-906b-44db54c8641b/element/00000000-0000-0a02-ffff-ffff00000050/click] with body: {"element":"00000000-0000-0a02-ffff-ffff00000050"}
[debug] &amp#27;[38;5;32m[AndroidUiautomator2Driver@1965 (1bf46aad)]&amp#27;[0m Got response with status 200: {"sessionId":"79da4935-0419-45f6-906b-44db54c8641b","value":null}
[debug] &amp#27;[38;5;32m[AndroidUiautomator2Driver@1965 (1bf46aad)]&amp#27;[0m Responding to client with driver.click() result: null
&amp#27;[38;5;0m[HTTP]&amp#27;[0m &amp#27;[37m<-- POST /session/1bf46aad-8211-4ff8-b5be-34fb988f3913/element/00000000-0000-0a02-ffff-ffff00000050/click &amp#27;[39m&amp#27;[32m200&amp#27;[39m &amp#27;[90m38 ms - 14&amp#27;[39m
&amp#27;[38;5;0m[HTTP]&amp#27;[0m &amp#27;[90m&amp#27;[39m
&amp#27;[38;5;0m[HTTP]&amp#27;[0m &amp#27;[37m-->&amp#27;[39m &amp#27;[37mGET&amp#27;[39m &amp#27;[37m/session/1bf46aad-8211-4ff8-b5be-34fb988f3913/context&amp#27;[39m
&amp#27;[38;5;0m[HTTP]&amp#27;[0m &amp#27;[90m{}&amp#27;[39m
[debug] &amp#27;[38;5;32m[AndroidUiautomator2Driver@1965 (1bf46aad)]&amp#27;[0m Calling AppiumDriver.getCurrentContext() with args: ["1bf46aad-8211-4ff8-b5be-34fb988f3913"]
[debug] &amp#27;[38;5;32m[AndroidUiautomator2Driver@1965 (1bf46aad)]&amp#27;[0m Responding to client with driver.getCurrentContext() result: "NATIVE_APP"
&amp#27;[38;5;0m[HTTP]&amp#27;[0m &amp#27;[37m<-- GET /session/1bf46aad-8211-4ff8-b5be-34fb988f3913/context &amp#27;[39m&amp#27;[32m200&amp#27;[39m &amp#27;[90m1 ms - 22&amp#27;[39m
&amp#27;[38;5;0m[HTTP]&amp#27;[0m &amp#27;[90m&amp#27;[39m
&amp#27;[38;5;0m[HTTP]&amp#27;[0m &amp#27;[37m-->&amp#27;[39m &amp#27;[37mPOST&amp#27;[39m &amp#27;[37m/session/1bf46aad-8211-4ff8-b5be-34fb988f3913/element&amp#27;[39m
&amp#27;[38;5;0m[HTTP]&amp#27;[0m &amp#27;[90m{"using":"id","value":"com.androidsample.generalstore:id/appbar_btn_cart"}&amp#27;[39m
[debug] &amp#27;[38;5;32m[AndroidUiautomator2Driver@1965 (1bf46aad)]&amp#27;[0m Calling AppiumDriver.findElement() with args: ["id","com.androidsample.generalstore:id/appbar_btn_cart","1bf46aad-8211-4ff8-b5be-34fb988f3913"]
[debug] &amp#27;[38;5;32m[AndroidUiautomator2Driver@1965 (1bf46aad)]&amp#27;[0m Valid locator strategies for this request: xpath, id, class name, accessibility id, css selector, -android uiautomator
[debug] &amp#27;[38;5;32m[AndroidUiautomator2Driver@1965 (1bf46aad)]&amp#27;[0m Waiting up to 10000 ms for condition
[debug] &amp#27;[38;5;32m[AndroidUiautomator2Driver@1965 (1bf46aad)]&amp#27;[0m Matched '/element' to command name 'findElement'
[debug] &amp#27;[38;5;32m[AndroidUiautomator2Driver@1965 (1bf46aad)]&amp#27;[0m Proxying [POST /element] to [POST http://127.0.0.1:8202/session/79da4935-0419-45f6-906b-44db54c8641b/element] with body: {"strategy":"id","selector":"com.androidsample.generalstore:id/appbar_btn_cart","context":"","multiple":false}
[debug] &amp#27;[38;5;32m[AndroidUiautomator2Driver@1965 (1bf46aad)]&amp#27;[0m Got response with status 200: {"sessionId":"79da4935-0419-45f6-906b-44db54c8641b","value":{"ELEMENT":"00000000-0000-0a02-ffff-ffff0000003b","element-6066-11e4-a52e-4f735466cecf":"00000000-0000-0a02-ffff-ffff0000003b"}}
[debug] &amp#27;[38;5;32m[AndroidUiautomator2Driver@1965 (1bf46aad)]&amp#27;[0m Responding to client with driver.findElement() result: {"element-6066-11e4-a52e-4f735466cecf":"00000000-0000-0a02-ffff-ffff0000003b","ELEMENT":"00000000-0000-0a02-ffff-ffff0000003b"}
&amp#27;[38;5;0m[HTTP]&amp#27;[0m &amp#27;[37m<-- POST /session/1bf46aad-8211-4ff8-b5be-34fb988f3913/element &amp#27;[39m&amp#27;[32m200&amp#27;[39m &amp#27;[90m491 ms - 137&amp#27;[39m
&amp#27;[38;5;0m[HTTP]&amp#27;[0m &amp#27;[90m&amp#27;[39m
&amp#27;[38;5;0m[HTTP]&amp#27;[0m &amp#27;[37m-->&amp#27;[39m &amp#27;[37mPOST&amp#27;[39m &amp#27;[37m/session/1bf46aad-8211-4ff8-b5be-34fb988f3913/element/00000000-0000-0a02-ffff-ffff0000003b/click&amp#27;[39m
&amp#27;[38;5;0m[HTTP]&amp#27;[0m &amp#27;[90m{"id":"00000000-0000-0a02-ffff-ffff0000003b"}&amp#27;[39m
[debug] &amp#27;[38;5;32m[AndroidUiautomator2Driver@1965 (1bf46aad)]&amp#27;[0m Calling AppiumDriver.click() with args: ["00000000-0000-0a02-ffff-ffff0000003b","1bf46aad-8211-4ff8-b5be-34fb988f3913"]
[debug] &amp#27;[38;5;32m[AndroidUiautomator2Driver@1965 (1bf46aad)]&amp#27;[0m Matched '/element/00000000-0000-0a02-ffff-ffff0000003b/click' to command name 'click'
[debug] &amp#27;[38;5;32m[AndroidUiautomator2Driver@1965 (1bf46aad)]&amp#27;[0m Proxying [POST /element/00000000-0000-0a02-ffff-ffff0000003b/click] to [POST http://127.0.0.1:8202/session/79da4935-0419-45f6-906b-44db54c8641b/element/00000000-0000-0a02-ffff-ffff0000003b/click] with body: {"element":"00000000-0000-0a02-ffff-ffff0000003b"}
[debug] &amp#27;[38;5;32m[AndroidUiautomator2Driver@1965 (1bf46aad)]&amp#27;[0m Got response with status 200: {"sessionId":"79da4935-0419-45f6-906b-44db54c8641b","value":null}
[debug] &amp#27;[38;5;32m[AndroidUiautomator2Driver@1965 (1bf46aad)]&amp#27;[0m Responding to client with driver.click() result: null
&amp#27;[38;5;0m[HTTP]&amp#27;[0m &amp#27;[37m<-- POST /session/1bf46aad-8211-4ff8-b5be-34fb988f3913/element/00000000-0000-0a02-ffff-ffff0000003b/click &amp#27;[39m&amp#27;[32m200&amp#27;[39m &amp#27;[90m33 ms - 14&amp#27;[39m
&amp#27;[38;5;0m[HTTP]&amp#27;[0m &amp#27;[90m&amp#27;[39m
&amp#27;[38;5;0m[HTTP]&amp#27;[0m &amp#27;[37m-->&amp#27;[39m &amp#27;[37mGET&amp#27;[39m &amp#27;[37m/session/1bf46aad-8211-4ff8-b5be-34fb988f3913/context&amp#27;[39m
&amp#27;[38;5;0m[HTTP]&amp#27;[0m &amp#27;[90m{}&amp#27;[39m
[debug] &amp#27;[38;5;32m[AndroidUiautomator2Driver@1965 (1bf46aad)]&amp#27;[0m Calling AppiumDriver.getCurrentContext() with args: ["1bf46aad-8211-4ff8-b5be-34fb988f3913"]
[debug] &amp#27;[38;5;32m[AndroidUiautomator2Driver@1965 (1bf46aad)]&amp#27;[0m Responding to client with driver.getCurrentContext() result: "NATIVE_APP"
&amp#27;[38;5;0m[HTTP]&amp#27;[0m &amp#27;[37m<-- GET /session/1bf46aad-8211-4ff8-b5be-34fb988f3913/context &amp#27;[39m&amp#27;[32m200&amp#27;[39m &amp#27;[90m1 ms - 22&amp#27;[39m
&amp#27;[38;5;0m[HTTP]&amp#27;[0m &amp#27;[90m&amp#27;[39m
&amp#27;[38;5;0m[HTTP]&amp#27;[0m &amp#27;[37m-->&amp#27;[39m &amp#27;[37mPOST&amp#27;[39m &amp#27;[37m/session/1bf46aad-8211-4ff8-b5be-34fb988f3913/elements&amp#27;[39m
&amp#27;[38;5;0m[HTTP]&amp#27;[0m &amp#27;[90m{"using":"id","value":"com.androidsample.generalstore:id/productPrice"}&amp#27;[39m
[debug] &amp#27;[38;5;32m[AndroidUiautomator2Driver@1965 (1bf46aad)]&amp#27;[0m Calling AppiumDriver.findElements() with args: ["id","com.androidsample.generalstore:id/productPrice","1bf46aad-8211-4ff8-b5be-34fb988f3913"]
[debug] &amp#27;[38;5;32m[AndroidUiautomator2Driver@1965 (1bf46aad)]&amp#27;[0m Valid locator strategies for this request: xpath, id, class name, accessibility id, css selector, -android uiautomator
[debug] &amp#27;[38;5;32m[AndroidUiautomator2Driver@1965 (1bf46aad)]&amp#27;[0m Waiting up to 10000 ms for condition
[debug] &amp#27;[38;5;32m[AndroidUiautomator2Driver@1965 (1bf46aad)]&amp#27;[0m Matched '/elements' to command name 'findElements'
[debug] &amp#27;[38;5;32m[AndroidUiautomator2Driver@1965 (1bf46aad)]&amp#27;[0m Proxying [POST /elements] to [POST http://127.0.0.1:8202/session/79da4935-0419-45f6-906b-44db54c8641b/elements] with body: {"strategy":"id","selector":"com.androidsample.generalstore:id/productPrice","context":"","multiple":true}
[debug] &amp#27;[38;5;32m[AndroidUiautomator2Driver@1965 (1bf46aad)]&amp#27;[0m Got response with status 200: {"sessionId":"79da4935-0419-45f6-906b-44db54c8641b","value":[{"ELEMENT":"00000000-0000-0a03-ffff-ffff0000007d","element-6066-11e4-a52e-4f735466cecf":"00000000-0000-0a03-ffff-ffff0000007d"},{"ELEMENT":"00000000-0000-0a03-ffff-ffff00000085","element-6066-11e4-a52e-4f735466cecf":"00000000-0000-0a03-ffff-ffff00000085"}]}
[...]
&amp#27;[38;5;0m[HTTP]&amp#27;[0m &amp#27;[90m&amp#27;[39m
&amp#27;[38;5;0m[HTTP]&amp#27;[0m &amp#27;[37m-->&amp#27;[39m &amp#27;[37mPOST&amp#27;[39m &amp#27;[37m/session/d68f00f7-b7aa-4624-a658-0ac66cf62c70/element/00000000-0000-0a1c-ffff-ffff00000029/click&amp#27;[39m
&amp#27;[38;5;0m[HTTP]&amp#27;[0m &amp#27;[90m{"id":"00000000-0000-0a1c-ffff-ffff00000029"}&amp#27;[39m
[debug] &amp#27;[38;5;32m[AndroidUiautomator2Driver@749c (d68f00f7)]&amp#27;[0m Calling AppiumDriver.click() with args: ["00000000-0000-0a1c-ffff-ffff00000029","d68f00f7-b7aa-4624-a658-0ac66cf62c70"]
[debug] &amp#27;[38;5;32m[AndroidUiautomator2Driver@749c (d68f00f7)]&amp#27;[0m Matched '/element/00000000-0000-0a1c-ffff-ffff00000029/click' to command name 'click'
[debug] &amp#27;[38;5;32m[AndroidUiautomator2Driver@749c (d68f00f7)]&amp#27;[0m Proxying [POST /element/00000000-0000-0a1c-ffff-ffff00000029/click] to [POST http://127.0.0.1:8202/session/f82a4378-5b19-44f9-adc5-7109e054cddc/element/00000000-0000-0a1c-ffff-ffff00000029/click] with body: {"element":"00000000-0000-0a1c-ffff-ffff00000029"}
[debug] &amp#27;[38;5;32m[AndroidUiautomator2Driver@749c (d68f00f7)]&amp#27;[0m Got response with status 200: {"sessionId":"f82a4378-5b19-44f9-adc5-7109e054cddc","value":null}
[debug] &amp#27;[38;5;32m[AndroidUiautomator2Driver@749c (d68f00f7)]&amp#27;[0m Responding to client with driver.click() result: null
&amp#27;[38;5;0m[HTTP]&amp#27;[0m &amp#27;[37m<-- POST /session/d68f00f7-b7aa-4624-a658-0ac66cf62c70/element/00000000-0000-0a1c-ffff-ffff00000029/click &amp#27;[39m&amp#27;[32m200&amp#27;[39m &amp#27;[90m653 ms - 14&amp#27;[39m
&amp#27;[38;5;0m[HTTP]&amp#27;[0m &amp#27;[90m&amp#27;[39m
&amp#27;[38;5;0m[HTTP]&amp#27;[0m &amp#27;[37m-->&amp#27;[39m &amp#27;[37mPOST&amp#27;[39m &amp#27;[37m/session/d68f00f7-b7aa-4624-a658-0ac66cf62c70/element&amp#27;[39m
&amp#27;[38;5;0m[HTTP]&amp#27;[0m &amp#27;[90m{"using":"id","value":"com.androidsample.generalstore:id/btnLetsShop"}&amp#27;[39m
[debug] &amp#27;[38;5;32m[AndroidUiautomator2Driver@749c (d68f00f7)]&amp#27;[0m Calling AppiumDriver.findElement() with args: ["id","com.androidsample.generalstore:id/btnLetsShop","d68f00f7-b7aa-4624-a658-0ac66cf62c70"]
[debug] &amp#27;[38;5;32m[AndroidUiautomator2Driver@749c (d68f00f7)]&amp#27;[0m Valid locator strategies for this request: xpath, id, class name, accessibility id, css selector, -android uiautomator
[debug] &amp#27;[38;5;32m[AndroidUiautomator2Driver@749c (d68f00f7)]&amp#27;[0m Waiting up to 10000 ms for condition
[debug] &amp#27;[38;5;32m[AndroidUiautomator2Driver@749c (d68f00f7)]&amp#27;[0m Matched '/element' to command name 'findElement'
[debug] &amp#27;[38;5;32m[AndroidUiautomator2Driver@749c (d68f00f7)]&amp#27;[0m Proxying [POST /element] to [POST http://127.0.0.1:8202/session/f82a4378-5b19-44f9-adc5-7109e054cddc/element] with body: {"strategy":"id","selector":"com.androidsample.generalstore:id/btnLetsShop","context":"","multiple":false}
[debug] &amp#27;[38;5;32m[AndroidUiautomator2Driver@749c (d68f00f7)]&amp#27;[0m Got response with status 200: {"sessionId":"f82a4378-5b19-44f9-adc5-7109e054cddc","value":{"ELEMENT":"00000000-0000-0a1b-ffff-ffff00000018","element-6066-11e4-a52e-4f735466cecf":"00000000-0000-0a1b-ffff-ffff00000018"}}
[debug] &amp#27;[38;5;32m[AndroidUiautomator2Driver@749c (d68f00f7)]&amp#27;[0m Responding to client with driver.findElement() result: {"element-6066-11e4-a52e-4f735466cecf":"00000000-0000-0a1b-ffff-ffff00000018","ELEMENT":"00000000-0000-0a1b-ffff-ffff00000018"}
&amp#27;[38;5;0m[HTTP]&amp#27;[0m &amp#27;[37m<-- POST /session/d68f00f7-b7aa-4624-a658-0ac66cf62c70/element &amp#27;[39m&amp#27;[32m200&amp#27;[39m &amp#27;[90m11 ms - 137&amp#27;[39m
&amp#27;[38;5;0m[HTTP]&amp#27;[0m &amp#27;[90m&amp#27;[39m
&amp#27;[38;5;0m[HTTP]&amp#27;[0m &amp#27;[37m-->&amp#27;[39m &amp#27;[37mPOST&amp#27;[39m &amp#27;[37m/session/d68f00f7-b7aa-4624-a658-0ac66cf62c70/element/00000000-0000-0a1b-ffff-ffff00000018/click&amp#27;[39m
&amp#27;[38;5;0m[HTTP]&amp#27;[0m &amp#27;[90m{"id":"00000000-0000-0a1b-ffff-ffff00000018"}&amp#27;[39m
[debug] &amp#27;[38;5;32m[AndroidUiautomator2Driver@749c (d68f00f7)]&amp#27;[0m Calling AppiumDriver.click() with args: ["00000000-0000-0a1b-ffff-ffff00000018","d68f00f7-b7aa-4624-a658-0ac66cf62c70"]
[debug] &amp#27;[38;5;32m[AndroidUiautomator2Driver@749c (d68f00f7)]&amp#27;[0m Matched '/element/00000000-0000-0a1b-ffff-ffff00000018/click' to command name 'click'
[debug] &amp#27;[38;5;32m[AndroidUiautomator2Driver@749c (d68f00f7)]&amp#27;[0m Proxying [POST /element/00000000-0000-0a1b-ffff-ffff00000018/click] to [POST http://127.0.0.1:8202/session/f82a4378-5b19-44f9-adc5-7109e054cddc/element/00000000-0000-0a1b-ffff-ffff00000018/click] with body: {"element":"00000000-0000-0a1b-ffff-ffff00000018"}
[debug] &amp#27;[38;5;32m[AndroidUiautomator2Driver@749c (d68f00f7)]&amp#27;[0m Got response with status 200: {"sessionId":"f82a4378-5b19-44f9-adc5-7109e054cddc","value":null}
[debug] &amp#27;[38;5;32m[AndroidUiautomator2Driver@749c (d68f00f7)]&amp#27;[0m Responding to client with driver.click() result: null
&amp#27;[38;5;0m[HTTP]&amp#27;[0m &amp#27;[37m<-- POST /session/d68f00f7-b7aa-4624-a658-0ac66cf62c70/element/00000000-0000-0a1b-ffff-ffff00000018/click &amp#27;[39m&amp#27;[32m200&amp#27;[39m &amp#27;[90m44 ms - 14&amp#27;[39m
&amp#27;[38;5;0m[HTTP]&amp#27;[0m &amp#27;[90m&amp#27;[39m
&amp#27;[38;5;0m[HTTP]&amp#27;[0m &amp#27;[37m-->&amp#27;[39m &amp#27;[37mPOST&amp#27;[39m &amp#27;[37m/session/d68f00f7-b7aa-4624-a658-0ac66cf62c70/elements&amp#27;[39m
&amp#27;[38;5;0m[HTTP]&amp#27;[0m &amp#27;[90m{"using":"xpath","value":"//android.widget.Toast[1]"}&amp#27;[39m
[debug] &amp#27;[38;5;32m[AndroidUiautomator2Driver@749c (d68f00f7)]&amp#27;[0m Calling AppiumDriver.findElements() with args: ["xpath","//android.widget.Toast[1]","d68f00f7-b7aa-4624-a658-0ac66cf62c70"]
[debug] &amp#27;[38;5;32m[AndroidUiautomator2Driver@749c (d68f00f7)]&amp#27;[0m Valid locator strategies for this request: xpath, id, class name, accessibility id, css selector, -android uiautomator
[debug] &amp#27;[38;5;32m[AndroidUiautomator2Driver@749c (d68f00f7)]&amp#27;[0m Waiting up to 10000 ms for condition
[debug] &amp#27;[38;5;32m[AndroidUiautomator2Driver@749c (d68f00f7)]&amp#27;[0m Matched '/elements' to command name 'findElements'
[debug] &amp#27;[38;5;32m[AndroidUiautomator2Driver@749c (d68f00f7)]&amp#27;[0m Proxying [POST /elements] to [POST http://127.0.0.1:8202/session/f82a4378-5b19-44f9-adc5-7109e054cddc/elements] with body: {"strategy":"xpath","selector":"//android.widget.Toast[1]","context":"","multiple":true}
[debug] &amp#27;[38;5;32m[AndroidUiautomator2Driver@749c (d68f00f7)]&amp#27;[0m Got response with status 200: {"sessionId":"f82a4378-5b19-44f9-adc5-7109e054cddc","value":[]}
[debug] &amp#27;[38;5;32m[AndroidUiautomator2Driver@749c (d68f00f7)]&amp#27;[0m Waited for 35 ms so far
[debug] &amp#27;[38;5;32m[AndroidUiautomator2Driver@749c (d68f00f7)]&amp#27;[0m Matched '/elements' to command name 'findElements'
[debug] &amp#27;[38;5;32m[AndroidUiautomator2Driver@749c (d68f00f7)]&amp#27;[0m Proxying [POST /elements] to [POST http://127.0.0.1:8202/session/f82a4378-5b19-44f9-adc5-7109e054cddc/elements] with body: {"strategy":"xpath","selector":"//android.widget.Toast[1]","context":"","multiple":true}
[debug] &amp#27;[38;5;32m[AndroidUiautomator2Driver@749c (d68f00f7)]&amp#27;[0m Got response with status 200: {"sessionId":"f82a4378-5b19-44f9-adc5-7109e054cddc","value":[]}
[debug] &amp#27;[38;5;32m[AndroidUiautomator2Driver@749c (d68f00f7)]&amp#27;[0m Waited for 575 ms so far
[debug] &amp#27;[38;5;32m[AndroidUiautomator2Driver@749c (d68f00f7)]&amp#27;[0m Matched '/elements' to command name 'findElements'
[debug] &amp#27;[38;5;32m[AndroidUiautomator2Driver@749c (d68f00f7)]&amp#27;[0m Proxying [POST /elements] to [POST http://127.0.0.1:8202/session/f82a4378-5b19-44f9-adc5-7109e054cddc/elements] with body: {"strategy":"xpath","selector":"//android.widget.Toast[1]","context":"","multiple":true}
[debug] &amp#27;[38;5;32m[AndroidUiautomator2Driver@749c (d68f00f7)]&amp#27;[0m Got response with status 200: {"sessionId":"f82a4378-5b19-44f9-adc5-7109e054cddc","value":[]}
[debug] &amp#27;[38;5;32m[AndroidUiautomator2Driver@749c (d68f00f7)]&amp#27;[0m Waited for 1104 ms so far
[debug] &amp#27;[38;5;32m[AndroidUiautomator2Driver@749c (d68f00f7)]&amp#27;[0m Matched '/elements' to command name 'findElements'
[debug] &amp#27;[38;5;32m[AndroidUiautomator2Driver@749c (d68f00f7)]&amp#27;[0m Proxying [POST /elements] to [POST http://127.0.0.1:8202/session/f82a4378-5b19-44f9-adc5-7109e054cddc/elements] with body: {"strategy":"xpath","selector":"//android.widget.Toast[1]","context":"","multiple":true}
[debug] &amp#27;[38;5;32m[AndroidUiautomator2Driver@749c (d68f00f7)]&amp#27;[0m Got response with status 200: {"sessionId":"f82a4378-5b19-44f9-adc5-7109e054cddc","value":[]}
[debug] &amp#27;[38;5;32m[AndroidUiautomator2Driver@749c (d68f00f7)]&amp#27;[0m Waited for 1632 ms so far
[debug] &amp#27;[38;5;32m[AndroidUiautomator2Driver@749c (d68f00f7)]&amp#27;[0m Matched '/elements' to command name 'findElements'
[debug] &amp#27;[38;5;32m[AndroidUiautomator2Driver@749c (d68f00f7)]&amp#27;[0m Proxying [POST /elements] to [POST http://127.0.0.1:8202/session/f82a4378-5b19-44f9-adc5-7109e054cddc/elements] with body: {"strategy":"xpath","selector":"//android.widget.Toast[1]","context":"","multiple":true}
[debug] &amp#27;[38;5;32m[AndroidUiautomator2Driver@749c (d68f00f7)]&amp#27;[0m Got response with status 200: {"sessionId":"f82a4378-5b19-44f9-adc5-7109e054cddc","value":[]}
[debug] &amp#27;[38;5;32m[AndroidUiautomator2Driver@749c (d68f00f7)]&amp#27;[0m Waited for 2163 ms so far
[debug] &amp#27;[38;5;32m[AndroidUiautomator2Driver@749c (d68f00f7)]&amp#27;[0m Matched '/elements' to command name 'findElements'
[debug] &amp#27;[38;5;32m[AndroidUiautomator2Driver@749c (d68f00f7)]&amp#27;[0m Proxying [POST /elements] to [POST http://127.0.0.1:8202/session/f82a4378-5b19-44f9-adc5-7109e054cddc/elements] with body: {"strategy":"xpath","selector":"//android.widget.Toast[1]","context":"","multiple":true}
[debug] &amp#27;[38;5;32m[AndroidUiautomator2Driver@749c (d68f00f7)]&amp#27;[0m Got response with status 200: {"sessionId":"f82a4378-5b19-44f9-adc5-7109e054cddc","value":[]}
[debug] &amp#27;[38;5;32m[AndroidUiautomator2Driver@749c (d68f00f7)]&amp#27;[0m Waited for 2697 ms so far
[debug] &amp#27;[38;5;32m[AndroidUiautomator2Driver@749c (d68f00f7)]&amp#27;[0m Matched '/elements' to command name 'findElements'
[debug] &amp#27;[38;5;32m[AndroidUiautomator2Driver@749c (d68f00f7)]&amp#27;[0m Proxying [POST /elements] to [POST http://127.0.0.1:8202/session/f82a4378-5b19-44f9-adc5-7109e054cddc/elements] with body: {"strategy":"xpath","selector":"//android.widget.Toast[1]","context":"","multiple":true}
[debug] &amp#27;[38;5;32m[AndroidUiautomator2Driver@749c (d68f00f7)]&amp#27;[0m Got response with status 200: {"sessionId":"f82a4378-5b19-44f9-adc5-7109e054cddc","value":[]}
[debug] &amp#27;[38;5;32m[AndroidUiautomator2Driver@749c (d68f00f7)]&amp#27;[0m Waited for 3226 ms so far
[debug] &amp#27;[38;5;32m[AndroidUiautomator2Driver@749c (d68f00f7)]&amp#27;[0m Matched '/elements' to command name 'findElements'
[debug] &amp#27;[38;5;32m[AndroidUiautomator2Driver@749c (d68f00f7)]&amp#27;[0m Proxying [POST /elements] to [POST http://127.0.0.1:8202/session/f82a4378-5b19-44f9-adc5-7109e054cddc/elements] with body: {"strategy":"xpath","selector":"//android.widget.Toast[1]","context":"","multiple":true}
[debug] &amp#27;[38;5;32m[AndroidUiautomator2Driver@749c (d68f00f7)]&amp#27;[0m Got response with status 200: {"sessionId":"f82a4378-5b19-44f9-adc5-7109e054cddc","value":[]}
[debug] &amp#27;[38;5;32m[AndroidUiautomator2Driver@749c (d68f00f7)]&amp#27;[0m Waited for 3761 ms so far
[debug] &amp#27;[38;5;32m[AndroidUiautomator2Driver@749c (d68f00f7)]&amp#27;[0m Matched '/elements' to command name 'findElements'
[debug] &amp#27;[38;5;32m[AndroidUiautomator2Driver@749c (d68f00f7)]&amp#27;[0m Proxying [POST /elements] to [POST http://127.0.0.1:8202/session/f82a4378-5b19-44f9-adc5-7109e054cddc/elements] with body: {"strategy":"xpath","selector":"//android.widget.Toast[1]","context":"","multiple":true}
[debug] &amp#27;[38;5;32m[AndroidUiautomator2Driver@749c (d68f00f7)]&amp#27;[0m Got response with status 200: {"sessionId":"f82a4378-5b19-44f9-adc5-7109e054cddc","value":[]}
[debug] &amp#27;[38;5;32m[AndroidUiautomator2Driver@749c (d68f00f7)]&amp#27;[0m Waited for 4286 ms so far
[debug] &amp#27;[38;5;32m[AndroidUiautomator2Driver@749c (d68f00f7)]&amp#27;[0m Matched '/elements' to command name 'findElements'
[debug] &amp#27;[38;5;32m[AndroidUiautomator2Driver@749c (d68f00f7)]&amp#27;[0m Proxying [POST /elements] to [POST http://127.0.0.1:8202/session/f82a4378-5b19-44f9-adc5-7109e054cddc/elements] with body: {"strategy":"xpath","selector":"//android.widget.Toast[1]","context":"","multiple":true}
[debug] &amp#27;[38;5;32m[AndroidUiautomator2Driver@749c (d68f00f7)]&amp#27;[0m Got response with status 200: {"sessionId":"f82a4378-5b19-44f9-adc5-7109e054cddc","value":[]}
[debug] &amp#27;[38;5;32m[AndroidUiautomator2Driver@749c (d68f00f7)]&amp#27;[0m Waited for 4819 ms so far
[debug] &amp#27;[38;5;32m[AndroidUiautomator2Driver@749c (d68f00f7)]&amp#27;[0m Matched '/elements' to command name 'findElements'
[debug] &amp#27;[38;5;32m[AndroidUiautomator2Driver@749c (d68f00f7)]&amp#27;[0m Proxying [POST /elements] to [POST http://127.0.0.1:8202/session/f82a4378-5b19-44f9-adc5-7109e054cddc/elements] with body: {"strategy":"xpath","selector":"//android.widget.Toast[1]","context":"","multiple":true}
[debug] &amp#27;[38;5;32m[AndroidUiautomator2Driver@749c (d68f00f7)]&amp#27;[0m Got response with status 200: {"sessionId":"f82a4378-5b19-44f9-adc5-7109e054cddc","value":[]}
[debug] &amp#27;[38;5;32m[AndroidUiautomator2Driver@749c (d68f00f7)]&amp#27;[0m Waited for 5353 ms so far
[debug] &amp#27;[38;5;32m[AndroidUiautomator2Driver@749c (d68f00f7)]&amp#27;[0m Matched '/elements' to command name 'findElements'
[debug] &amp#27;[38;5;32m[AndroidUiautomator2Driver@749c (d68f00f7)]&amp#27;[0m Proxying [POST /elements] to [POST http://127.0.0.1:8202/session/f82a4378-5b19-44f9-adc5-7109e054cddc/elements] with body: {"strategy":"xpath","selector":"//android.widget.Toast[1]","context":"","multiple":true}
[debug] &amp#27;[38;5;32m[AndroidUiautomator2Driver@749c (d68f00f7)]&amp#27;[0m Got response with status 200: {"sessionId":"f82a4378-5b19-44f9-adc5-7109e054cddc","value":[]}
[debug] &amp#27;[38;5;32m[AndroidUiautomator2Driver@749c (d68f00f7)]&amp#27;[0m Waited for 5877 ms so far
[debug] &amp#27;[38;5;32m[AndroidUiautomator2Driver@749c (d68f00f7)]&amp#27;[0m Matched '/elements' to command name 'findElements'
[debug] &amp#27;[38;5;32m[AndroidUiautomator2Driver@749c (d68f00f7)]&amp#27;[0m Proxying [POST /elements] to [POST http://127.0.0.1:8202/session/f82a4378-5b19-44f9-adc5-7109e054cddc/elements] with body: {"strategy":"xpath","selector":"//android.widget.Toast[1]","context":"","multiple":true}
[debug] &amp#27;[38;5;32m[AndroidUiautomator2Driver@749c (d68f00f7)]&amp#27;[0m Got response with status 200: {"sessionId":"f82a4378-5b19-44f9-adc5-7109e054cddc","value":[]}
[debug] &amp#27;[38;5;32m[AndroidUiautomator2Driver@749c (d68f00f7)]&amp#27;[0m Waited for 6413 ms so far
[debug] &amp#27;[38;5;32m[AndroidUiautomator2Driver@749c (d68f00f7)]&amp#27;[0m Matched '/elements' to command name 'findElements'
[debug] &amp#27;[38;5;32m[AndroidUiautomator2Driver@749c (d68f00f7)]&amp#27;[0m Proxying [POST /elements] to [POST http://127.0.0.1:8202/session/f82a4378-5b19-44f9-adc5-7109e054cddc/elements] with body: {"strategy":"xpath","selector":"//android.widget.Toast[1]","context":"","multiple":true}
[debug] &amp#27;[38;5;32m[AndroidUiautomator2Driver@749c (d68f00f7)]&amp#27;[0m Got response with status 200: {"sessionId":"f82a4378-5b19-44f9-adc5-7109e054cddc","value":[]}
[debug] &amp#27;[38;5;32m[AndroidUiautomator2Driver@749c (d68f00f7)]&amp#27;[0m Waited for 6949 ms so far
[debug] &amp#27;[38;5;32m[AndroidUiautomator2Driver@749c (d68f00f7)]&amp#27;[0m Matched '/elements' to command name 'findElements'
[debug] &amp#27;[38;5;32m[AndroidUiautomator2Driver@749c (d68f00f7)]&amp#27;[0m Proxying [POST /elements] to [POST http://127.0.0.1:8202/session/f82a4378-5b19-44f9-adc5-7109e054cddc/elements] with body: {"strategy":"xpath","selector":"//android.widget.Toast[1]","context":"","multiple":true}
[debug] &amp#27;[38;5;32m[AndroidUiautomator2Driver@749c (d68f00f7)]&amp#27;[0m Got response with status 200: {"sessionId":"f82a4378-5b19-44f9-adc5-7109e054cddc","value":[]}
[debug] &amp#27;[38;5;32m[AndroidUiautomator2Driver@749c (d68f00f7)]&amp#27;[0m Waited for 7480 ms so far
[debug] &amp#27;[38;5;32m[AndroidUiautomator2Driver@749c (d68f00f7)]&amp#27;[0m Matched '/elements' to command name 'findElements'
[debug] &amp#27;[38;5;32m[AndroidUiautomator2Driver@749c (d68f00f7)]&amp#27;[0m Proxying [POST /elements] to [POST http://127.0.0.1:8202/session/f82a4378-5b19-44f9-adc5-7109e054cddc/elements] with body: {"strategy":"xpath","selector":"//android.widget.Toast[1]","context":"","multiple":true}
[debug] &amp#27;[38;5;32m[AndroidUiautomator2Driver@749c (d68f00f7)]&amp#27;[0m Got response with status 200: {"sessionId":"f82a4378-5b19-44f9-adc5-7109e054cddc","value":[]}
[debug] &amp#27;[38;5;32m[AndroidUiautomator2Driver@749c (d68f00f7)]&amp#27;[0m Waited for 8007 ms so far
[debug] &amp#27;[38;5;32m[AndroidUiautomator2Driver@749c (d68f00f7)]&amp#27;[0m Matched '/elements' to command name 'findElements'
[debug] &amp#27;[38;5;32m[AndroidUiautomator2Driver@749c (d68f00f7)]&amp#27;[0m Proxying [POST /elements] to [POST http://127.0.0.1:8202/session/f82a4378-5b19-44f9-adc5-7109e054cddc/elements] with body: {"strategy":"xpath","selector":"//android.widget.Toast[1]","context":"","multiple":true}
[debug] &amp#27;[38;5;32m[AndroidUiautomator2Driver@749c (d68f00f7)]&amp#27;[0m Got response with status 200: {"sessionId":"f82a4378-5b19-44f9-adc5-7109e054cddc","value":[]}
[debug] &amp#27;[38;5;32m[AndroidUiautomator2Driver@749c (d68f00f7)]&amp#27;[0m Waited for 8539 ms so far
[debug] &amp#27;[38;5;32m[AndroidUiautomator2Driver@749c (d68f00f7)]&amp#27;[0m Matched '/elements' to command name 'findElements'
[debug] &amp#27;[38;5;32m[AndroidUiautomator2Driver@749c (d68f00f7)]&amp#27;[0m Proxying [POST /elements] to [POST http://127.0.0.1:8202/session/f82a4378-5b19-44f9-adc5-7109e054cddc/elements] with body: {"strategy":"xpath","selector":"//android.widget.Toast[1]","context":"","multiple":true}
[debug] &amp#27;[38;5;32m[AndroidUiautomator2Driver@749c (d68f00f7)]&amp#27;[0m Got response with status 200: {"sessionId":"f82a4378-5b19-44f9-adc5-7109e054cddc","value":[]}
[debug] &amp#27;[38;5;32m[AndroidUiautomator2Driver@749c (d68f00f7)]&amp#27;[0m Waited for 9498 ms so far
[debug] &amp#27;[38;5;32m[AndroidUiautomator2Driver@749c (d68f00f7)]&amp#27;[0m Matched '/elements' to command name 'findElements'
[debug] &amp#27;[38;5;32m[AndroidUiautomator2Driver@749c (d68f00f7)]&amp#27;[0m Proxying [POST /elements] to [POST http://127.0.0.1:8202/session/f82a4378-5b19-44f9-adc5-7109e054cddc/elements] with body: {"strategy":"xpath","selector":"//android.widget.Toast[1]","context":"","multiple":true}
[debug] &amp#27;[38;5;32m[AndroidUiautomator2Driver@749c (d68f00f7)]&amp#27;[0m Got response with status 200: {"sessionId":"f82a4378-5b19-44f9-adc5-7109e054cddc","value":[]}
[debug] &amp#27;[38;5;32m[AndroidUiautomator2Driver@749c (d68f00f7)]&amp#27;[0m Responding to client with driver.findElements() result: []
&amp#27;[38;5;0m[HTTP]&amp#27;[0m &amp#27;[37m<-- POST /session/d68f00f7-b7aa-4624-a658-0ac66cf62c70/elements &amp#27;[39m&amp#27;[32m200&amp#27;[39m &amp#27;[90m10022 ms - 12&amp#27;[39m
&amp#27;[38;5;0m[HTTP]&amp#27;[0m &amp#27;[90m&amp#27;[39m
]]></system-out>
  </testcase>
</testsuite>