<?xml version="1.0" encoding="UTF-8"?>
<testng-results ignored="0" total="4" passed="4" failed="0" skipped="0">
  <reporter-output>
  </reporter-output>
  <suite started-at="2023-02-22T18:48:38 CET" name="Suite" finished-at="2023-02-22T18:51:02 CET" duration-ms="144179">
    <groups>
      <group name="Smoke">
        <method signature="eCommerce_tc_4_Hybrid.FillForm(java.util.HashMap)[pri:0, instance:org.boredkris.pageObjects.android.eCommerce_tc_4_Hybrid@40db2a24]" name="FillForm" class="org.boredkris.pageObjects.android.eCommerce_tc_4_Hybrid"/>
      </group> <!-- Smoke -->
    </groups>
    <test started-at="2023-02-22T18:48:38 CET" name="End to end Framework Test" finished-at="2023-02-22T18:50:01 CET" duration-ms="82995">
      <class name="org.boredkris.pageObjects.android.eCommerce_tc_4_Hybrid">
        <test-method is-config="true" signature="ConfigureAppium()[pri:0, instance:org.boredkris.pageObjects.android.eCommerce_tc_4_Hybrid@40db2a24]" started-at="2023-02-22T18:48:38 CET" name="ConfigureAppium" finished-at="2023-02-22T18:48:54 CET" duration-ms="15565" status="PASS">
          <reporter-output>
          </reporter-output>
        </test-method> <!-- ConfigureAppium -->
        <test-method is-config="true" signature="preSetup()[pri:0, instance:org.boredkris.pageObjects.android.eCommerce_tc_4_Hybrid@40db2a24]" started-at="2023-02-22T18:48:54 CET" name="preSetup" finished-at="2023-02-22T18:48:55 CET" duration-ms="816" status="PASS">
          <reporter-output>
          </reporter-output>
        </test-method> <!-- preSetup -->
        <test-method signature="FillForm(java.util.HashMap)[pri:0, instance:org.boredkris.pageObjects.android.eCommerce_tc_4_Hybrid@40db2a24]" started-at="2023-02-22T18:48:55 CET" name="FillForm" data-provider="getData" finished-at="2023-02-22T18:49:17 CET" duration-ms="22145" status="PASS">
          <params>
            <param index="0">
              <value>
                <![CDATA[{name=Bored Kris, country=Argentina, gender=Female}]]>
              </value>
            </param>
          </params>
          <reporter-output>
          </reporter-output>
        </test-method> <!-- FillForm -->
        <test-method is-config="true" signature="preSetup()[pri:0, instance:org.boredkris.pageObjects.android.eCommerce_tc_4_Hybrid@40db2a24]" started-at="2023-02-22T18:49:17 CET" name="preSetup" finished-at="2023-02-22T18:49:18 CET" duration-ms="816" status="PASS">
          <reporter-output>
          </reporter-output>
        </test-method> <!-- preSetup -->
        <test-method signature="FillForm(java.util.HashMap)[pri:0, instance:org.boredkris.pageObjects.android.eCommerce_tc_4_Hybrid@40db2a24]" started-at="2023-02-22T18:49:18 CET" name="FillForm" data-provider="getData" finished-at="2023-02-22T18:50:01 CET" duration-ms="43121" status="PASS">
          <params>
            <param index="0">
              <value>
                <![CDATA[{name=Jason Moa, country=Estonia, gender=male}]]>
              </value>
            </param>
          </params>
          <reporter-output>
          </reporter-output>
        </test-method> <!-- FillForm -->
        <test-method is-config="true" signature="tearDown()[pri:0, instance:org.boredkris.pageObjects.android.eCommerce_tc_4_Hybrid@40db2a24]" started-at="2023-02-22T18:50:01 CET" name="tearDown" finished-at="2023-02-22T18:50:01 CET" duration-ms="299" status="PASS">
          <reporter-output>
          </reporter-output>
        </test-method> <!-- tearDown -->
      </class> <!-- org.boredkris.pageObjects.android.eCommerce_tc_4_Hybrid -->
    </test> <!-- End to end Framework Test -->
    <test started-at="2023-02-22T18:50:02 CET" name="Error Validation Test" finished-at="2023-02-22T18:51:02 CET" duration-ms="60890">
      <class name="org.boredkris.pageObjects.android.eCommerce_tc_2">
        <test-method is-config="true" signature="ConfigureAppium()[pri:0, instance:org.boredkris.pageObjects.android.eCommerce_tc_2@77825085]" started-at="2023-02-22T18:50:02 CET" name="ConfigureAppium" finished-at="2023-02-22T18:50:15 CET" duration-ms="13024" status="PASS">
          <reporter-output>
          </reporter-output>
        </test-method> <!-- ConfigureAppium -->
        <test-method is-config="true" signature="preSetup()[pri:0, instance:org.boredkris.pageObjects.android.eCommerce_tc_2@77825085]" started-at="2023-02-22T18:50:15 CET" name="preSetup" finished-at="2023-02-22T18:50:15 CET" duration-ms="794" status="PASS">
          <reporter-output>
          </reporter-output>
        </test-method> <!-- preSetup -->
        <test-method signature="FillForm_ErrorValidation()[pri:0, instance:org.boredkris.pageObjects.android.eCommerce_tc_2@77825085]" started-at="2023-02-22T18:50:15 CET" name="FillForm_ErrorValidation" finished-at="2023-02-22T18:50:35 CET" duration-ms="19341" status="PASS">
          <reporter-output>
          </reporter-output>
        </test-method> <!-- FillForm_ErrorValidation -->
        <test-method is-config="true" signature="preSetup()[pri:0, instance:org.boredkris.pageObjects.android.eCommerce_tc_2@77825085]" started-at="2023-02-22T18:50:35 CET" name="preSetup" finished-at="2023-02-22T18:50:36 CET" duration-ms="812" status="PASS">
          <reporter-output>
          </reporter-output>
        </test-method> <!-- preSetup -->
        <test-method signature="FillForm_PositiveFlow()[pri:0, instance:org.boredkris.pageObjects.android.eCommerce_tc_2@77825085]" started-at="2023-02-22T18:50:36 CET" name="FillForm_PositiveFlow" finished-at="2023-02-22T18:51:02 CET" duration-ms="26643" status="PASS">
          <reporter-output>
          </reporter-output>
        </test-method> <!-- FillForm_PositiveFlow -->
        <test-method is-config="true" signature="tearDown()[pri:0, instance:org.boredkris.pageObjects.android.eCommerce_tc_2@77825085]" started-at="2023-02-22T18:51:02 CET" name="tearDown" finished-at="2023-02-22T18:51:02 CET" duration-ms="276" status="PASS">
          <reporter-output>
          </reporter-output>
        </test-method> <!-- tearDown -->
      </class> <!-- org.boredkris.pageObjects.android.eCommerce_tc_2 -->
    </test> <!-- Error Validation Test -->
  </suite> <!-- Suite -->
</testng-results>
